2ff0
6000
0000
0001
6108
8f5c
0067
0000
0010
0000
0000
0000
0010
0000
0000
0000
2ff0
6000
0000
0001
78cb
8f5c
0067
0000
0010
0000
0000
0000
0010
0000
0000
0000
2ff0
8103
1000
0000
0001
8274
8f5c
0067
0000
0010
0000
0000
0000
0010
0000
0000
0020
c143
1000
0000
0010
0000
0000
0000
0010
0000
0000
0000
0010
0000
0000
0000
8193
1000
0000
0000
0010
0000
0000
0000
0010
0000
0000
0000
0010
0000
0000
0000
c1d3
1000
0010
0000
0000
0000
0010
0000
0000
0000
0010
0000
0000
0000
0010
8203
1000
0000
0000
0010
0000
0000
0000
0010
0000
0000
0000
0010
0000
0000
0000
0010
4243
1000
0010
0000
0000
0010
0000
0000
0000
0010
0000
0000
0000
0010
0000
c283
1000
0000
0010
0000
0000
0000
0010
0000
0000
0000
0010
0000
0000
0000
0010
0000
02c3
1000
0010
0000
0000
0000
0010
0000
0000
0000
0010
0000
0000
0000
0010
8303
1000
0000
0000
0010
0000
0000
0000
0010
0000
0000
0000
0010
0000
0000
0000
0010
c343
1000
0000
0010
0000
0000
0000
0010
0000
0000
0000
0010
0000
0000
0000
0010
0383
1000
0010
0000
0000
0010
0000
0000
0000
0010
0000
0000
0000
0010
8003
1000
0040
4043
1000
0010
0000
0000
0010
0000
0000
0000
0010
0000
0000
0000
0010
0000
c083
1000
0000
0010
0000
0000
0000
0010
0000
0000
0000
0010
0000
0000
0000
0010
80c3
1000
0000
0000
0010
0000
0000
0000
0010
0000
0000
0000
0010
0000
0000
0000
4103
1000
0010
0000
0000
0010
0000
0000
0000
0010
0000
0000
0000
0010
0000
0000
0153
1000
0010
0000
0000
0000
0010
0000
0000
0000
0010
0000
0000
0000
4183
1000
0050
01c3
1000
0010
0000
0000
0000
0010
0000
0000
0000
0010
0000
0000
0000
4203
1000
0010
0000
0000
0010
0000
0000
0000
0010
0000
0000
0000
0010
0000
0000
0000
c253
1000
0010
0000
0000
0000
0010
0000
0000
0000
0010
0000
0000
0000
0010
0000
0283
1000
0010
0000
0000
0000
0010
0000
0000
0000
0010
0000
0000
0000
0010
82c3
1000
0000
0000
0010
0000
0000
0000
0010
0000
0000
0000
0010
0000
0000
0000
4303
1000
0010
0000
0000
0010
0000
0000
0000
0010
0000
0000
0000
0010
0000
0000
0000
0353
1000
0010
0000
0000
0000
0010
0000
0000
0000
0010
0000
0000
0000
0010
8383
1000
0000
0000
0010
0000
0000
0000
0010
0000
0000
0000
0010
0000
0000
0000
4003
1000
0010
0000
0000
0010
0000
0000
0000
0010
0000
0000
0000
0010
0000
0000
0000
c053
1000
0010
0000
0000
0000
0010
0000
0000
0000
0010
0000
0000
0000
0010
0000
0083
1000
0010
0000
0000
0000
0010
0000
0000
0000
0010
0000
0000
0000
40c3
1000
0050
c103
1000
0000
0010
0000
0000
0000
0010
0000
0000
0000
0010
0000
0000
0000
8153
1000
0000
0000
0010
0000
0000
0000
0010
0000
0000
0000
0010
0000
0000
0000
c193
1000
0010
0000
0000
0000
0010
0000
0000
0000
0010
0000
0000
0000
0010
81c3
1000
0000
0000
0010
0000
0000
0000
0010
0000
0000
0000
0010
0000
0000
0000
0010
c203
1000
0000
0010
0000
0000
0000
0010
0000
0000
0000
0010
0000
0000
0000
0010
0243
1000
0010
0000
0000
0010
0000
0000
0000
0010
0000
0000
0000
0010
8283
1000
0030
42c3
1000
0010
0000
0000
0010
0000
0000
0000
0010
0000
0000
0000
0010
0000
c313
1000
0000
0010
0000
0000
0000
0010
0000
0000
0000
0010
0000
0000
0000
0010
8343
1000
0000
0000
0010
0000
0000
0000
0010
0000
0000
0000
0010
0000
0000
0000
4383
1000
0010
0000
0000
0010
0000
0000
022d
0000
0000
0010
026d
0000
0000
0000
022d
0000
020a
0010
026d
0000
0000
020d
0000
060a
0000
022d
0000
0000
020a
0010
026d
0000
2a0a
c003
1000
020d
0000
060a
0000
000a
2e0a
0000
0010
0000
020d
0000
000a
280a
0010
0000
0000
0000
0010
0000
0000
0000
0010
0000
0000
0043
1000
0000
0040
8083
1000
0000
0000
0010
0000
0000
0000
0010
0000
0000
0000
0010
0000
0000
c0d3
1000
0000
0010
0000
0000
0000
0010
0000
0000
0000
0010
0000
0000
0000
0010
0103
1000
0010
0000
0000
0010
0000
0000
0000
0010
0000
0000
0000
4143
1000
0010
0040
0183
1000
0010
0000
0000
0000
0010
0000
0000
0000
0010
0000
0000
0000
41c3
1000
0010
0000
0000
0010
0000
0000
0000
0010
0000
0000
0000
0010
0000
0000
0000
0213
1000
0010
0000
0000
0000
0010
0000
0000
0000
0010
0000
0000
0000
0010
8243
1000
0000
0000
0010
0000
0000
0000
0010
0000
0000
0000
0010
0000
0000
0000
4283
1000
0010
0000
0000
0010
0000
0000
0000
0010
0000
0000
0000
0010
0000
0000
0000
c2d3
1000
0010
0000
0000
0000
0010
0000
0000
0000
0010
0000
0000
0000
024d
0000
0313
1000
024d
0000
0010
040a
0000
0000
0000
024d
0000
0010
040a
0000
2c0a
0000
4353
1000
0010
0000
0000
0010
0000
0000
0000
0010
0000
0000
0000
0010
0000
0000
c393
1000
0000
0010
0000
0000
0000
0010
0000
0000
0000
0010
0000
0000
0000
0010
0003
1000
0010
0000
0000
0010
0000
0000
0000
0010
0000
0000
0000
0010
8043
1000
0030
4083
1000
0010
0000
0000
0010
0000
0000
0000
0010
0000
0000
0000
0010
0000
00d3
1000
0010
0000
0000
0000
0010
0000
0000
0000
0010
0000
0000
0000
0010
0000
0fa0
6000
0010
0000
0000
0000
0010
0000
0000
0000
0010
0000
0000
0000
0010
0000
2ff0
032d
0000
0000
0001
908a
8f5c
0067
0000
0010
022d
0000
0000
0000
036d
0000
023d
0000
8a0a
026d
0000
0000
0010
022d
0000
0000
034d
0000
0a0a
0000
026d
0000
2a0a
8e0a
0010
022d
0000
0000
024d
0000
0000
026d
0000
2a0a
0000
0e0a
0010
022d
0000
2e0a
024d
0000
0000
026d
0000
8c0a
2a0a
0000
030d
0000
0010
022d
0000
2e0a
024d
0000
026d
0000
0c0a
0000
020d
0000
2c0a
0010
2e0a
0000
024d
0000
0000
026d
0000
2a0a
020d
0000
2c0a
0010
880a
0000
024d
0000
0000
0000
020d
0000
2c0a
0010
080a
2e0a
024d
0000
280a
0000
0000
020d
0000
0010
0000
280a
0000
0000
020d
0000
2c0a
0010
280a
0000
0000
020d
0000
0010
022d
0000
0000
0000
0000
0010
0000
0a0a
280a
026d
0000
0000
0010
022d
0000
0000
6a0a
0000
0000
0e0a
0010
022d
0000
0000
024d
0000
026d
0000
2a0a
0000
6e0a
0010
0000
0000
026d
0000
0c0a
0000
0010
2e0a
024d
0000
6c0a
0000
020d
0000
0010
0000
024d
0000
0000
0000
2c0a
0010
022d
0000
080a
0000
2a0a
0000
020d
0000
0010
022d
0000
680a
0000
0000
026d
0000
0000
020d
0000
2e1a
0000
280a
0000
026d
0000
2a0a
0000
0010
0000
024d
0000
0000
0000
2c0a
2e1a
024d
0000
0000
0000
0010
0000
0000
0000
020d
0000
2c0a
0010
0000
280a
0000
020d
0000
023d
0000
0000
0000
0000
0010
022d
0000
0000
0a0a
280a
0000
026d
0000
023d
0000
0a0a
620a
026d
0000
0000
0e0a
0010
0000
024d
0000
0000
026d
0000
0000
0e0a
660a
0010
024d
0000
0000
0c0a
0000
0010
0000
024d
0000
0000
0c0a
640a
0000
020d
0000
0010
0000
0000
020d
0000
0010
080a
0000
0000
0000
020d
0000
0010
080a
600a
0000
0000
0010
0000
0000
0000
0010
0000
0000
0000
0010
0000
0000
0000
0010
0220
022d
0000
0000
026d
0000
0000
0010
022d
0000
0000
024d
0000
0a0a
0000
026d
0000
0e0a
0010
022d
0000
0000
024d
0000
020a
0000
026d
0000
0c0a
0000
020d
0000
060a
0010
024d
0000
0a0a
0000
040a
0000
020d
0000
0e0a
0010
022d
0000
080a
0000
6a0a
026d
0000
0c0a
0000
020d
0000
6e0a
0010
022d
0000
000a
0000
024d
0000
0000
026d
0000
2a0a
6c0a
0010
022d
0000
080a
2e0a
0000
024d
0000
0000
026d
0000
0000
020d
0000
2c0a
681a
0000
024d
0000
0000
0000
020d
0000
0010
0000
280a
0000
0000
020d
0000
0010
0000
2a0a
0000
0010
022d
0000
2e0a
0000
0000
026d
0000
920a
0000
2c0a
023d
0000
960a
0000
024d
0000
0000
026d
0000
2a0a
0000
940a
0010
022d
0000
2e0a
024d
0000
280a
0000
026d
0000
0000
020d
0000
2c0a
0010
0000
024d
0000
900a
920a
020d
0000
0010
022d
0000
960a
0000
280a
0000
026d
0000
0000
020d
0000
940a
025d
0000
920a
0010
022d
0000
960a
0000
900a
0000
026d
0000
2a0a
0000
020d
0000
940a
023d
0000
2e0a
0000
024d
0000
0000
026d
0000
2a0a
0000
2c0a
0010
022d
0000
2e0a
024d
0000
900a
0000
026d
0000
2a0a
0000
020d
0000
2c0a
0010
022d
0000
2e0a
024d
0000
280a
026d
0000
0000
020d
0000
2c0a
0010
0000
024d
0000
280a
0000
920a
020d
0000
023d
0000
960a
0000
280a
0000
026d
0000
2a0a
0000
020d
0000
940a
0010
022d
0000
2e0a
024d
0000
0000
026d
0000
2a0a
0000
2c0a
0010
022d
0000
2e0a
0000
024d
0000
900a
026d
0000
2a0a
0000
020d
0000
2c0a
0010
022d
0000
2e0a
0000
024d
0000
280a
026d
0000
0000
020d
0000
2c0a
0010
0000
024d
0000
280a
0000
920a
0000
020d
0000
023d
0000
960a
0000
280a
0000
026d
0000
0000
020d
0000
940a
0010
0000
024d
0000
920a
0000
0010
022d
0000
960a
0000
900a
0000
026d
0000
2a0a
0000
020d
0000
940a
023d
0000
2e0a
0000
024d
0000
0000
026d
0000
2a0a
0000
2c0a
0010
022d
0000
2e0a
024d
0000
900a
0000
026d
0000
2a0a
0000
020d
0000
2c0a
0010
022d
0000
2e0a
024d
0000
280a
0000
026d
0000
2a0a
0000
020d
0000
2c0a
0010
022d
0000
2e0a
024d
0000
280a
026d
0000
920a
0000
020d
0000
2c0a
0010
960a
0000
024d
0000
280a
020d
0000
940a
281a
0000
0000
020d
0000
0010
0000
900a
0000
0000
0010
0000
0000
023d
0000
026d
0000
0000
0010
022d
0000
0000
024d
0000
0a0a
0000
026d
0000
920a
0e0a
023d
0000
960a
0000
024d
0000
0000
026d
0000
0c0a
2a0a
0000
020d
0000
940a
023d
0000
2e0a
024d
0000
0000
026d
0000
2a0a
0000
020d
0000
2c0a
0010
022d
0000
080a
2e0a
024d
0000
900a
0000
026d
0000
0000
020d
0000
2c0a
0010
022d
0000
0000
024d
0000
0a0a
280a
026d
0000
0000
020d
0000
0e0a
0010
0000
024d
0000
280a
0000
0c0a
920a
020d
0000
0010
022d
0000
960a
0000
0000
026d
0000
2a0a
0000
020d
0000
940a
023d
0000
080a
2e0a
0000
024d
0000
0000
026d
0000
2a0a
0000
2c0a
0010
022d
0000
2e0a
024d
0000
900a
0000
026d
0000
2a0a
0000
020d
0000
2c0a
0010
022d
0000
2e0a
024d
0000
280a
0000
026d
0000
2a0a
0000
020d
0000
2c0a
0010
022d
0000
2e0a
024d
0000
280a
026d
0000
0000
020d
0000
2c0a
0010
022d
0000
0000
024d
0000
0a0a
280a
026d
0000
2a0a
0000
020d
0000
0e0a
0010
022d
0000
2e0a
0000
024d
0000
280a
026d
0000
0c0a
2a0a
020d
0000
2c0a
0010
022d
0000
2e0a
0000
024d
0000
620a
0000
026d
0000
020d
0000
2c0a
660a
0010
080a
0000
024d
0000
280a
0000
640a
0000
020d
0000
0010
280a
0000
0000
020d
0000
0010
600a
0000
0000
0000
0010
0000
0000
0000
0660
022d
0000
0000
026d
0000
0000
0010
0000
024d
0000
020a
0000
0000
060a
0010
040a
020d
0000
0010
0000
0000
0010
000a
0000
0000
0000
0010
0000
0000
0000
0010
0810
032d
0000
0000
036d
0000
0000
0010
022d
0000
0000
0000
026d
0000
0000
0010
022d
0000
020a
0000
026d
0000
0000
060a
0010
022d
0000
0000
034d
0000
020a
0000
026d
0000
060a
0010
0000
024d
0000
0000
920a
0000
030d
0000
0010
022d
0000
960a
024d
0000
026d
0000
040a
0000
020d
0000
0010
022d
0000
0000
024d
0000
0a0a
0000
026d
0000
040a
020d
0000
0e0a
0010
000a
0000
0a0a
0000
0000
020d
0000
0e0a
940a
001a
024d
0000
0000
0000
0010
0000
024d
0000
900a
0000
0c0a
0000
020d
0000
0010
0c0a
020d
0000
081a
0000
0000
0000
0010
080a
0000
0000
0000
0010
0000
0000
0000
07e0
032d
0000
0000
036d
0000
0000
0010
022d
0000
0000
0000
026d
0000
0000
0010
920a
023d
0000
960a
0000
0000
026d
0000
0000
0010
0000
0000
920a
0000
0010
022d
0000
960a
0000
026d
0000
0000
0010
0000
034d
0000
0000
920a
0000
030d
0000
0010
022d
0000
960a
024d
0000
0000
026d
0000
0000
020d
0000
0010
0000
0000
920a
0000
940a
023d
0000
960a
0000
024d
0000
900a
0000
026d
0000
0000
020d
0000
0010
0000
920a
940a
023d
0000
960a
024d
0000
900a
026d
0000
2a0a
020d
0000
0010
022d
0000
2e0a
0000
026d
0000
0000
940a
0010
0000
024d
0000
900a
0000
920a
0000
020d
0000
023d
0000
960a
0000
026d
0000
920a
0000
940a
0010
022d
0000
960a
0000
024d
0000
900a
026d
0000
0000
020d
0000
0010
0000
0000
920a
0000
940a
0010
022d
0000
960a
024d
0000
900a
026d
0000
2a0a
0000
020d
0000
2c0a
0010
022d
0000
2e0a
0000
024d
0000
280a
026d
0000
0000
020d
0000
0010
0000
0000
920a
0000
940a
0010
022d
0000
960a
024d
0000
900a
0000
026d
0000
0000
020d
0000
940a
0010
0000
024d
0000
900a
920a
020d
0000
0010
022d
0000
960a
0000
0000
026d
0000
0000
940a
0010
0000
024d
0000
900a
920a
0000
020d
0000
2c0a
0010
022d
0000
960a
0000
024d
0000
280a
0000
026d
0000
920a
020d
0000
0010
022d
0000
960a
0000
0000
026d
0000
0000
940a
0010
024d
0000
900a
920a
0000
020d
0000
0010
022d
0000
960a
0000
0000
026d
0000
920a
940a
023d
0000
960a
0000
024d
0000
900a
0000
026d
0000
2a0a
0000
020d
0000
0010
022d
0000
2e0a
0000
026d
0000
2a0a
0000
940a
0010
022d
0000
2e0a
0000
024d
0000
900a
026d
0000
0000
020d
0000
940a
0010
0000
024d
0000
900a
0000
920a
0000
020d
0000
023d
0000
960a
0000
0000
026d
0000
0000
940a
0010
0000
024d
0000
900a
0000
920a
020d
0000
940a
0010
022d
0000
960a
0000
024d
0000
900a
0000
026d
0000
0000
020d
0000
2c0a
0010
024d
0000
280a
0000
920a
0000
020d
0000
2c0a
0010
022d
0000
960a
024d
0000
280a
0000
026d
0000
0000
020d
0000
0010
0000
0000
920a
0000
940a
023d
0000
960a
024d
0000
900a
0000
026d
0000
0000
020d
0000
0010
0000
0000
920a
940a
023d
0000
960a
0000
024d
0000
900a
0000
026d
0000
0000
020d
0000
0010
0000
920a
940a
0010
960a
0000
024d
0000
900a
0000
0000
020d
0000
0010
0000
0000
0000
940a
0010
024d
0000
900a
0000
0000
020d
0000
0010
0000
0000
0000
940a
0010
0000
024d
0000
900a
0000
020d
0000
0010
0000
0000
0000
940a
0010
0000
900a
0000
0000
05b0
022d
0000
0000
026d
0000
0000
0010
0000
0000
920a
0000
0010
022d
0000
960a
024d
0000
026d
0000
0000
020d
0000
0010
0000
0000
920a
0000
940a
0010
022d
0000
960a
024d
0000
900a
0000
026d
0000
2a0a
0000
020d
0000
0010
022d
0000
2e0a
0000
026d
0000
2a0a
940a
0010
022d
0000
2e0a
0000
024d
0000
900a
0000
026d
0000
920a
020d
0000
2c0a
023d
0000
960a
0000
024d
0000
280a
0000
026d
0000
920a
0000
020d
0000
2c0a
961a
0000
024d
0000
280a
0000
0000
020d
0000
940a
0010
0000
024d
0000
900a
0000
020d
0000
940a
0010
022d
0000
0000
900a
0000
026d
0000
0000
0010
022d
0000
0a0a
0000
026d
0000
0000
0e0a
0010
0000
024d
0000
0a0a
0000
0000
020d
0000
0e0a
023d
0000
0000
024d
0000
620a
0000
026d
0000
0c0a
0000
020d
0000
660a
0010
080a
0000
0c0a
0000
0010
080a
0000
024d
0000
0000
640a
0000
020d
0000
0010
600a
06e0
022d
0000
0000
026d
0000
0000
0010
0000
024d
0000
0a0a
0000
0000
020d
0000
0e0a
023d
0000
0000
620a
0000
026d
0000
0c0a
0000
660a
0010
080a
0000
024d
0000
640a
020d
0000
0010
600a
0000
0000
0000
0010
0000
0000
0000
0010
0000
0000
0000
0710
022d
0000
0000
026d
0000
0000
0010
022d
0000
0000
024d
0000
0a0a
6a0a
0000
026d
0000
020d
0000
0e0a
6e0a
0010
022d
0000
0000
024d
0000
0000
026d
0000
0c0a
6c0a
020d
0000
0010
022d
0000
080a
680a
0000
024d
0000
0a0a
0000
026d
0000
0000
020d
0000
0e0a
0010
024d
0000
0a0a
0000
0c0a
0000
020d
0000
0e0a
0010
080a
0000
0c0a
0010
022d
0000
080a
0000
0000
026d
0000
0000
0010
0000
0000
920a
0000
0010
022d
0000
960a
024d
0000
0000
026d
0000
0000
020d
0000
0010
022d
0000
0000
0a0a
026d
0000
2a0a
0e0a
940a
0010
022d
0000
2e0a
0000
024d
0000
900a
0000
026d
0000
920a
020d
0000
0010
022d
0000
960a
0000
024d
0000
0000
026d
0000
0c0a
0000
020d
0000
2c0a
081a
0000
024d
0000
280a
0000
2a0a
0000
020d
0000
940a
0010
022d
0000
2e0a
024d
0000
900a
0000
026d
0000
920a
0000
020d
0000
0010
960a
0000
0000
0000
2c0a
0010
024d
0000
280a
0000
0000
020d
0000
940a
0010
0000
900a
0000
0000
0010
023d
0000
0000
026d
0000
0000
0010
022d
0000
0000
0a0a
0000
026d
0000
0000
0e0a
023d
0000
024d
0000
0a0a
6a0a
0000
026d
0000
0000
020d
0000
0e0a
6e0a
0010
022d
0000
024d
0000
0000
026d
0000
0c0a
0000
020d
0000
0010
080a
0000
024d
0000
0000
0c0a
920a
6c0a
020d
0000
0010
022d
0000
080a
960a
680a
0000
024d
0000
0000
026d
0000
2a0a
020d
0000
0010
022d
0000
2e0a
0000
0000
026d
0000
2a0a
0000
940a
0010
022d
0000
2e0a
024d
0000
900a
0000
026d
0000
2a0a
0000
020d
0000
2c0a
0010
022d
0000
2e0a
024d
0000
280a
0000
026d
0000
2a0a
0000
020d
0000
2c0a
0010
2e0a
0000
024d
0000
280a
0000
020d
0000
2c0a
0010
0000
024d
0000
280a
0000
0000
020d
0000
2c0a
013d
0000
0000
280a
0000
016d
0000
0000
0010
0000
0000
0000
0010
022d
0000
014d
0000
220a
0000
010d
0000
0010
022d
0000
0000
0000
0000
0010
022d
0000
0000
024d
0000
0a0a
240a
0000
0010
0000
024d
0000
0a0a
0000
0000
0010
022d
0000
0000
024d
0000
6a0a
026d
0000
0c0a
0000
260a
0010
0000
0000
026d
0000
0c0a
0000
020d
0000
201a
0000
024d
0000
0000
026d
0000
6c0a
0000
020d
0000
0e0a
0010
0000
0000
020d
0000
0e0a
081a
0000
0000
026d
0000
0000
6e0a
0010
022d
0000
080a
0000
0000
020d
0000
681a
0000
0000
920a
0000
0010
022d
0000
0000
024d
0000
0000
2a0a
0000
023d
0000
0000
2a0a
0000
940a
0010
022d
0000
0000
024d
0000
0000
026d
0000
2a0a
2c0a
023d
0000
0000
024d
0000
0000
0000
020d
0000
2c0a
0010
960a
0000
024d
0000
026d
0000
920a
2c0a
0010
022d
0000
2e0a
0000
024d
0000
900a
0000
026d
0000
0000
020d
0000
2e1a
0000
280a
0000
026d
0000
920a
0000
020d
0000
940a
0010
2e0a
0000
024d
0000
280a
026d
0000
0000
020d
0000
0010
0000
280a
0000
0000
020d
0000
940a
961a
0000
026d
0000
0000
0010
0000
900a
0000
0000
020d
0000
0010
960a
0000
0000
901a
0000
0010
0000
0000
0000
0010
0000
0000
0000
0010
0000
0000
0000
0010
0000
03e0
022d
0000
024d
0000
0000
2a0a
0000
2c0a
0010
022d
0000
0000
024d
0000
0000
026d
0000
2a0a
020d
0000
2c0a
0010
022d
0000
2e0a
0000
024d
0000
280a
0000
026d
0000
2a0a
020d
0000
2c0a
0010
022d
0000
2e0a
0000
024d
0000
280a
0000
026d
0000
2a0a
020d
0000
2c0a
0010
022d
0000
2e0a
0000
024d
0000
280a
0000
026d
0000
2a0a
020d
0000
2c0a
023d
0000
2e0a
0000
024d
0000
280a
0000
026d
0000
0000
020d
0000
2e1a
280a
0000
026d
0000
920a
0000
020d
0000
940a
0010
0000
0000
0000
0010
960a
900a
0000
0010
022d
0000
0000
014d
0000
720a
0000
0000
0010
022d
0000
0000
024d
0000
016d
0000
2a0a
740a
0000
010d
0000
0010
022d
0000
0000
024d
0000
0000
026d
0000
2a0a
020d
0000
2c0a
760a
0010
700a
0000
024d
0000
0000
026d
0000
0000
020d
0000
2c0a
2e1a
0000
280a
0000
026d
0000
0000
020d
0000
0010
022d
0000
2e0a
0000
280a
720a
0000
0010
022d
0000
0000
014d
0000
720a
0000
0000
0010
0000
024d
0000
016d
0000
740a
010d
0000
0010
0000
024d
0000
0000
740a
0000
0010
0000
0000
026d
0000
760a
0010
0000
0000
026d
0000
0000
020d
0000
760a
0010
700a
0000
0000
0000
020d
0000
701a
0000
0000
0000
0010
0000
0000
0000
0010
0000
0000
0000
0010
0000
0b90
032d
0000
0000
0000
0010
022d
0000
0000
0000
2a0a
0000
0010
022d
0000
0000
2a0a
0010
0000
0000
0000
0010
0000
0000
0000
0010
0000
0000
0000
0010
0000
0000
0090
032d
0000
0000
0000
0010
022d
0000
0000
0000
2a0a
0000
0010
0000
0000
0000
0020
022d
0000
034d
0000
220a
0000
0000
0010
012d
0000
0000
024d
0000
0000
0000
2c0a
0010
024d
0000
0000
0000
2c0a
0010
022d
0000
0000
720a
0000
0000
0010
022d
0000
034d
0000
720a
0000
0000
0010
0000
024d
0000
0000
0000
2c0a
0010
0000
0000
037d
0000
0010
0000
024d
0000
0000
026d
0000
240a
0000
0010
2e0a
0000
014d
0000
026d
0000
0010
2e0a
0000
0000
0000
0010
0000
024d
0000
0000
036d
0000
740a
0000
025d
0000
026d
0000
740a
0010
2e0a
0000
0000
0000
0010
0000
0000
0000
0010
0000
026d
0000
030d
0000
260a
0010
0000
0000
016d
0000
0000
020d
0000
0010
0000
280a
020d
0000
281a
0000
026d
0000
0000
760a
0010
0000
0000
026d
0000
0000
030d
0000
760a
0010
0000
0000
020d
0000
0010
0000
280a
0000
0000
0010
0000
0000
0000
0010
020d
0000
201a
0000
0000
0000
010d
0000
0010
0000
0000
0000
0010
0000
0000
0000
020d
0000
701a
0000
0000
0000
020d
0000
0010
700a
0000
0000
0000
0010
0000
0000
04b0
032d
0000
0000
0000
0010
022d
0000
0000
0000
2a0a
0000
0010
022d
0000
0000
920a
0010
0000
0000
0000
0010
0000
0000
0000
0010
022d
0000
0000
220a
0000
0000
023d
0000
0000
0000
0010
022d
0000
0000
0a0a
0000
0000
0010
022d
0000
0000
034d
0000
0a0a
0000
0010
0000
024d
0000
0a0a
0000
0000
2c0a
0010
022d
0000
0000
024d
0000
620a
0000
940a
0010
0000
0000
0000
0010
0000
0000
0000
0010
0000
024d
0000
240a
0010
0000
024d
0000
0000
0000
0010
022d
0000
0000
024d
0000
0000
0c0a
0000
025d
0000
0a0a
036d
0000
0c0a
0010
022d
0000
0000
6a0a
0000
026d
0000
0c0a
0000
2e1a
024d
0000
0000
026d
0000
640a
0000
0010
960a
0000
0000
0000
0010
0000
0000
027d
0000
260a
0010
022d
0000
0000
0000
026d
0000
0000
0010
0000
024d
0000
0a0a
026d
0000
0e0a
0010
022d
0000
0000
620a
0000
026d
0000
0c0a
0000
0e0a
0010
0000
024d
0000
6c0a
0000
0e0a
0010
0000
0000
026d
0000
0000
660a
0010
0000
0000
0000
0030
024d
0000
0000
0010
0000
0000
026d
0000
0c0a
0000
0010
0000
024d
0000
0000
640a
0e0a
0010
0000
0000
026d
0000
0000
6e0a
0010
0000
0000
0000
0010
0000
0000
030d
0000
0010
0000
0000
020d
0000
0010
0000
280a
0000
0000
020d
0000
0010
0000
900a
026d
0000
0000
0010
0000
0000
0000
0e0a
0010
0000
0000
026d
0000
0000
020d
0000
660a
201a
0000
0000
0000
020d
0000
0010
0000
0000
0000
020d
0000
0010
080a
020d
0000
081a
0000
0000
0000
0010
080a
0000
0000
0000
020d
0000
0010
600a
0000
0040
020d
0000
0010
0000
0000
0010
080a
0000
0000
0000
020d
0000
0010
680a
0000
0040
020d
0000
0010
0000
0000
0010
080a
0000
0000
0000
020d
0000
0010
600a
0000
0060
8306
0010
c286
0000
0000
0000
0010
0000
0000
0000
0010
0000
0000
0000
0010
0040
c046
0000
c306
0000
0010
0000
0000
0000
0010
0000
0000
0000
0010
0000
0000
0020
8006
0000
0000
0010
8206
0000
0000
0046
0000
0010
0000
0000
0000
0010
0000
0080
4046
0010
c006
0000
0000
0000
0010
0000
0000
0000
0010
0000
0000
0000
0010
0020
0386
0000
0000
0010
0000
0000
0006
0000
0010
022d
0000
0000
7a0a
0000
0000
025d
0000
7c0a
4246
0010
0000
0000
8246
0000
0010
0000
0000
026d
0000
0000
7e0a
0020
c246
0000
0286
0000
0010
0000
0000
0000
0010
0000
0000
0000
0010
0000
0000
0020
40c6
0010
4006
0000
0000
0000
0010
0000
0000
0000
0010
4386
0000
0000
0000
80d6
0000
0000
0010
0000
0000
0000
0010
0000
0000
0000
0010
0000
0000
0000
0010
0030
c0c6
0000
0000
0010
0000
0000
0000
0010
0000
0000
0000
0010
0000
0000
0000
c356
0000
c146
0000
0010
0000
0000
0346
0000
0010
0146
0000
0000
4346
0000
0010
8046
0000
0000
0010
0000
0000
0206
0000
0010
0000
0000
c086
0000
0010
0000
0000
c1c6
0010
0306
0000
0000
4286
0000
0010
8286
0000
0000
01c6
0000
0010
4146
0000
0086
0010
0000
0000
4206
0000
0010
c206
0000
0000
4186
0000
020d
0000
0010
780a
8186
0000
4106
0000
0010
02c6
0000
0000
0246
0000
0010
c186
0000
0000
8106
0000
0020
4086
0000
0000
0010
41c6
0000
0000
0000
0010
0000
0000
0000
0010
0000
0000
00c6
0010
0000
0000
42c6
0000
0010
4306
0000
0000
82c6
0000
0010
c2c6
0000
0000
c106
0010
0000
0000
0000
0010
0000
0000
0000
0010
0000
0000
0000
0010
0000
0000
c386
0010
8146
0000
0000
0000
0010
0000
0000
0000
0010
0000
0000
0000
0010
0000
0020
8086
0010
0000
0000
0000
0010
8346
0000
0000
81c6
0000
0010
0186
0000
0000
0080
8386
0010
0106
0000
0000
0000
0010
0000
0000
0000
0010
0000
0000
0000
0010
0560
6000
0000
0010
0000
0000
0000
0010
0000
0000
0000
0010
0000
0000
0000
0010
