2ff0
6000
0000
0001
977b
8f70
0067
0000
0010
0000
0000
0000
0010
0000
0000
0000
2ff0
6000
0000
0001
ad46
8f70
0067
0000
0010
0000
0000
0000
0010
0000
0000
0000
2ff0
8103
1000
0000
0001
b4d0
8f70
0067
0000
0010
0000
0000
0000
0010
0000
0000
0020
c143
1000
0000
0010
0000
0000
0000
0010
0000
0000
0000
0010
0000
0000
0000
8193
1000
0000
0000
0010
0000
0000
0000
0010
0000
0000
0000
0010
0000
0000
0000
c1d3
1000
0010
0000
0000
0000
0010
0000
0000
0000
0010
0000
0000
0000
0010
8203
1000
0000
0000
0010
0000
0000
0000
0010
0000
0000
0000
0010
0000
0000
0000
0010
4243
1000
0010
0000
0000
0010
0000
0000
0000
0010
0000
0000
0000
0010
0000
c283
1000
0000
0010
0000
0000
0000
0010
0000
0000
0000
0010
0000
0000
0000
0010
0000
02c3
1000
0010
0000
0000
0000
0010
0000
0000
0000
0010
0000
0000
0000
0010
8303
1000
0000
0000
0010
0000
0000
0000
0010
0000
0000
0000
0010
0000
0000
0000
0010
c343
1000
0000
0010
0000
0000
0000
0010
0000
0000
0000
0010
0000
0000
0000
0010
0383
1000
0010
0000
0000
0010
0000
0000
0000
0010
0000
0000
0000
0010
8003
1000
0040
4043
1000
0010
0000
0000
0010
0000
0000
0000
0010
0000
0000
0000
0010
0000
c083
1000
0000
0010
0000
0000
0000
0010
0000
0000
0000
0010
0000
0000
0000
0010
80c3
1000
0000
0000
0010
0000
0000
0000
0010
0000
0000
0000
0010
0000
0000
0000
05c0
022d
0000
0010
0000
0000
022d
0000
0000
020a
0010
0000
0000
022d
0000
0000
020a
0010
0000
0000
020a
0010
0000
0000
0000
0010
0000
0000
0000
0010
0000
0000
2ff0
6000
0000
0001
bc5b
8f70
0067
0000
0010
0000
0000
0000
0010
0000
0000
0000
0f00
032d
0000
0010
0000
0000
022d
0000
0010
0000
0000
0000
022d
0000
0010
0a0a
022d
0000
0a1a
0000
0000
0000
0010
0000
920a
0000
0000
0010
0000
0000
0000
0010
0020
022d
0000
0010
0000
0000
022d
0000
0010
0a0a
0000
0000
0000
0010
0a0a
0000
022d
0000
621a
0000
0000
0010
0000
0000
0000
0010
0000
0000
0000
0010
0000
0000
023d
0000
0010
0000
0000
022d
0000
0010
0a0a
0000
2a0a
0000
0000
0010
0000
0000
023d
0000
0010
0000
0000
022d
0000
0010
0a0a
0000
2a0a
0000
0000
022d
0000
0010
921a
0000
0010
0000
0000
0000
0010
0000
0000
0000
0010
0000
0000
0000
0010
0000
022d
0000
0010
0000
022d
0000
0010
0a0a
0000
920a
0000
0000
022d
0000
0010
0000
2a0a
0000
0010
0000
0000
0000
0010
0000
0000
0000
0010
0000
0000
0000
022d
0000
023d
0000
0a1a
0000
0000
0000
0010
0a0a
0000
0000
0000
022d
0000
0010
620a
0000
0720
022d
0000
0010
0000
0000
022d
0000
0010
0a0a
620a
0000
0000
0000
0010
0000
0760
022d
0000
0010
0000
0000
0010
0000
920a
0000
0000
0010
0000
0000
0000
0010
0020
022d
0000
0010
0000
0000
022d
0000
0010
0a0a
0000
0000
0000
0010
0a0a
0000
022d
0000
6a1a
0000
0000
022d
0000
0010
0000
0000
0000
0010
0a0a
0000
0000
0000
022d
0000
6a1a
0000
0000
0000
0010
0000
0000
0000
0010
0000
0000
0000
0010
0000
023d
0000
0010
0000
0000
0010
020a
0000
0000
0000
0010
0000
0000
0000
0010
0000
2ff0
032d
0000
0000
0001
c902
8f70
0067
0000
0010
022d
0000
0000
0000
0000
0010
920a
023d
0000
0000
0000
2a0a
0000
0010
022d
0000
0000
0000
0000
0010
022d
0000
020a
0000
0010
0000
0000
920a
0000
0010
022d
0000
0000
0000
2a0a
0000
0010
022d
0000
0000
2a0a
0000
0010
022d
0000
0000
0000
2a0a
0000
0010
022d
0000
0000
0000
2a0a
0010
0000
0000
0000
0010
0000
0000
0000
0010
0000
0000
0000
0010
022d
0000
023d
0000
0a0a
0000
0000
0010
0000
0a0a
0000
0000
0010
022d
0000
0000
6a0a
0000
0050
032d
0000
0000
0000
0010
022d
0000
0000
0000
0000
0010
0000
0000
920a
0000
023d
0000
0000
0000
0010
0000
0000
920a
0000
0010
022d
0000
0000
0000
0000
0010
920a
023d
0000
0000
0000
0000
0010
022d
0000
0000
0a0a
0000
2a0a
0000
0010
022d
0000
0000
2a0a
0000
0010
022d
0000
0000
0000
0000
0010
0000
0000
920a
0000
0010
022d
0000
0000
0000
0010
0000
0000
920a
0000
0010
022d
0000
0000
0000
0000
0010
920a
023d
0000
0000
0000
0000
0010
0000
0000
920a
0000
0010
022d
0000
0000
0000
2a0a
0010
022d
0000
0000
0000
2a0a
0000
0010
022d
0000
0000
0000
0000
0010
0000
920a
0010
022d
0000
0000
0000
0000
0010
0000
0000
920a
0000
0010
022d
0000
0000
921a
0010
022d
0000
0000
0000
2a0a
0000
0010
022d
0000
0000
0000
0000
0010
0000
920a
0010
022d
0000
0000
0000
2a0a
0000
0010
022d
0000
0000
0000
2a0a
0000
0010
022d
0000
0000
2a0a
0000
0010
022d
0000
0000
0000
2a0a
0000
0010
022d
0000
0000
921a
0010
022d
0000
0000
0000
2a0a
0000
0010
022d
0000
0000
0000
2a0a
0000
0010
022d
0000
0000
0000
0010
0000
0000
920a
0000
0010
0000
0000
0000
0010
0000
0000
0550
022d
0000
0000
0000
0010
0000
0000
920a
0000
0010
022d
0000
0000
0000
0000
921a
0010
022d
0000
0000
0000
2a0a
0000
0010
0000
0000
0000
0010
0000
0000
0000
013d
0000
0000
0000
0010
0000
0000
0000
0010
022d
0000
0000
720a
0000
0000
0010
022d
0000
720a
0000
0000
0010
022d
0000
0000
720a
0000
0000
0010
022d
0000
0000
2a0a
0010
022d
0000
0000
0000
0000
0010
0000
0000
920a
0000
0010
022d
0000
0000
2a0a
0010
022d
0000
0000
0000
2a0a
0000
0010
0000
0000
0000
0010
0000
0000
0000
023d
0000
720a
0000
0000
0010
0000
0000
0000
0010
022d
0000
0000
0000
0000
0010
0a0a
0000
0010
0000
0000
0000
0010
0000
0000
0000
0010
0000
0000
0000
0010
0000
0b00
032d
0000
0000
0000
0010
022d
0000
0000
0000
2a0a
0000
0010
022d
0000
0000
2a0a
0010
0000
0000
0000
0010
032d
0000
0000
0000
0000
0010
022d
0000
0000
0000
2a0a
0010
022d
0000
0000
0000
2a0a
0000
0010
022d
0000
0000
0000
920a
0000
0010
022d
0000
0000
920a
0000
0010
022d
0000
0000
0000
920a
0000
0010
022d
0000
0000
920a
0010
022d
0000
0000
0000
2a0a
0000
0010
022d
0000
0000
0000
2a0a
0000
0010
022d
0000
0000
920a
0000
0010
022d
0000
0000
0000
2a0a
0000
0010
022d
0000
0000
920a
0010
022d
0000
0000
0000
2a0a
0000
0010
022d
0000
0000
0000
2a0a
0000
0010
022d
0000
0000
920a
0000
0010
022d
0000
0000
0000
920a
0000
0010
022d
0000
0000
023d
0000
0a0a
0000
2a0a
0000
0010
022d
0000
0000
0000
920a
0000
0010
022d
0000
2a0a
023d
0000
0000
0000
2a0a
0000
0010
022d
0000
0000
0000
2a0a
0000
0010
022d
0000
0000
2a0a
0000
0010
0000
0000
0000
0010
0000
0000
0000
0010
022d
0000
0000
0040
320a
0000
0010
022d
0000
0000
0000
0000
0010
022d
0000
0000
0a0a
0000
0000
0a1a
0010
0000
0000
0000
0010
0000
0000
0000
0010
0000
0000
0000
0010
0000
0000
0070
032d
0000
0000
0000
0010
032d
0000
0000
0000
0000
0010
032d
0000
0000
0000
023d
0000
0000
0010
0000
0a0a
0000
0000
0010
022d
0000
0000
6a0a
0000
0000
0010
022d
0000
0000
2a0a
0000
0010
022d
0000
0000
0000
2a0a
0000
0010
0000
0000
0000
0380
022d
0000
320a
0000
0000
0010
022d
0000
0000
320a
0000
0000
0010
022d
0000
0a1a
0000
0010
0000
0000
0000
0010
0000
0000
0000
0010
0000
0000
0000
0010
0000
0060
032d
0000
0000
0000
0010
022d
0000
0000
0000
2a0a
0000
0010
022d
0000
0000
2a0a
0010
032d
0000
0000
0000
0000
0010
022d
0000
0000
0000
2a0a
0000
0010
022d
0000
0000
2a0a
0000
0010
022d
0000
0000
0000
0000
0010
032d
0000
0000
0a0a
0000
033d
0000
0000
0010
032d
0000
0000
0000
0000
0010
022d
0000
0000
0000
0000
0010
022d
0000
0a0a
0000
2a0a
0000
0010
022d
0000
0000
0000
920a
0000
0010
022d
0000
2a0a
023d
0000
0000
0000
2a0a
0000
0010
022d
0000
0000
0000
2a0a
0000
0010
022d
0000
0000
2a0a
0000
0010
0000
0000
0000
0010
0000
0000
0000
0010
022d
0000
0000
0040
320a
0000
0010
022d
0000
0000
0000
0000
0010
0000
0a0a
0000
0000
0010
0000
00b0
032d
0000
0000
0000
0010
032d
0000
0000
0000
0000
0010
032d
0000
0000
0000
023d
0000
0000
0010
0000
0a0a
0000
0000
0010
022d
0000
0000
6a0a
0000
0000
0010
022d
0000
0000
2a0a
0000
0010
0000
0000
0000
0010
0000
0000
0000
0010
0000
0000
023d
0000
2a0a
0000
0010
0000
0000
0000
0010
0000
0000
0000
0010
022d
0000
0000
320a
0000
0010
022d
0000
0000
320a
0000
0000
0010
0000
0000
0000
0010
0000
0000
00a0
032d
0000
0000
0000
0010
022d
0000
0000
0000
2a0a
0000
0010
022d
0000
0000
2a0a
0010
032d
0000
0000
0000
0000
0010
022d
0000
0000
0000
2a0a
0000
0010
022d
0000
0000
2a0a
0000
0010
022d
0000
0000
0000
0000
0010
022d
0000
0000
0a0a
0000
2a0a
0010
022d
0000
0000
0000
2a0a
0000
0010
022d
0000
0000
0000
2a0a
0000
0010
022d
0000
0000
2a0a
0000
0010
0000
0000
0000
0010
0000
0000
0000
0010
0000
0000
04f0
022d
0000
0000
2a0a
0000
0010
022d
0000
0000
0000
2a0a
0000
0010
0000
0000
0020
012d
0000
0000
0000
0010
0000
0000
0000
0010
022d
0000
0000
720a
0000
0000
023d
0000
0000
0000
0010
0000
0a0a
0000
0000
0010
0000
0000
0000
0010
0000
0000
0af0
032d
0000
0000
0000
0010
032d
0000
0000
0000
0000
0010
032d
0000
0000
0000
023d
0000
2a0a
0000
0010
022d
0000
0000
0000
920a
0000
0010
022d
0000
0000
0000
2a0a
0010
022d
0000
0000
0000
2a0a
0000
0010
022d
0000
0000
0000
2a0a
0000
0010
022d
0000
0000
2a0a
0000
0010
022d
0000
0000
0000
920a
0000
0010
022d
0000
0000
2a0a
0010
0000
0000
0000
0010
0000
0000
0000
0010
012d
0000
0000
0000
0000
0010
023d
0000
720a
0000
0000
0010
022d
0000
0000
0000
2a0a
0000
0010
022d
0000
0000
2a0a
0010
022d
0000
0000
0000
920a
0000
0010
0000
0000
0000
0010
0000
0000
0000
01d0
032d
0000
0000
0000
0010
022d
0000
0000
0000
2a0a
0000
0010
022d
0000
0000
2a0a
0010
022d
0000
0000
0000
2a0a
0000
0010
022d
0000
0000
0000
920a
0000
0010
022d
0000
0000
2a0a
0000
0010
022d
0000
0000
0000
2a0a
0000
0010
022d
0000
0000
920a
0010
022d
0000
0000
0000
920a
0000
0010
022d
0000
0000
0000
920a
0000
0010
022d
0000
0000
2a0a
0000
0010
022d
0000
0000
0000
2a0a
0000
0010
022d
0000
0000
2a0a
0010
022d
0000
0000
0000
2a0a
0000
0010
022d
0000
0000
0000
920a
0000
0010
022d
0000
0000
920a
0000
0010
022d
0000
0000
0000
920a
0000
0010
0000
0000
0000
0220
022d
0000
0000
920a
0000
0010
022d
0000
0000
0000
0000
0010
022d
0000
0000
0a0a
2a0a
0000
0010
022d
0000
0000
0000
2a0a
0000
0010
022d
0000
0000
0000
2a0a
023d
0000
0000
0010
022d
0000
0000
0a0a
0000
920a
0000
0010
022d
0000
0000
0000
0a1a
0000
0010
022d
0000
0000
0000
0000
0010
0000
0000
0000
0010
0000
320a
0000
023d
0000
0000
0010
0000
0000
0000
0010
0000
320a
0000
0000
0010
022d
0000
0000
0a1a
0000
0010
0000
0000
0000
0010
0000
0000
0000
0010
0000
0000
0000
0010
0000
00a0
032d
0000
0000
0000
0010
032d
0000
0000
0000
0000
0010
032d
0000
0000
0000
023d
0000
0000
0010
0000
0a0a
0000
0000
0010
022d
0000
0000
6a0a
0000
0000
0010
022d
0000
0000
2a0a
0000
0010
022d
0000
0000
0000
2a0a
0000
0010
0000
0000
0000
0020
022d
0000
320a
0000
0000
0010
022d
0000
0000
320a
0000
0000
0010
0000
0000
00b0
032d
0000
0000
0000
0010
022d
0000
0000
0000
2a0a
0000
0010
022d
0000
0000
2a0a
0010
032d
0000
0000
0000
0000
0010
022d
0000
0000
0000
2a0a
0000
0010
022d
0000
0000
2a0a
0000
0010
0000
0000
0000
0010
0000
0000
0000
0010
0000
0000
0000
0550
022d
0000
0000
0000
0010
022d
0000
0000
0a0a
0000
0000
0010
032d
0000
0000
0a0a
0000
0010
032d
0000
0000
0000
0000
0010
032d
0000
0000
0000
0000
0010
022d
0000
0000
0000
0010
022d
0000
0000
0a0a
0000
2a0a
0000
0010
022d
0000
0000
0000
2a0a
0010
022d
0000
0000
0000
2a0a
0000
0010
022d
0000
0000
0000
0000
0010
022d
0000
0a0a
0000
920a
0000
0010
022d
0000
0000
0000
0000
0010
0000
0a0a
0000
0000
023d
0000
0000
0000
0010
0000
0000
0000
0010
0000
320a
0000
0000
0010
022d
0000
0020
320a
0000
0010
022d
0000
0000
0000
0000
0010
0000
0a0a
0000
0000
0010
0000
00d0
032d
0000
0000
0000
0010
032d
0000
0000
0000
0000
0010
032d
0000
0000
0000
023d
0000
0000
0010
0000
0a0a
0000
0000
0010
022d
0000
0000
6a0a
0000
0000
0010
022d
0000
0000
2a0a
0000
0010
0000
0000
0000
0010
0000
0000
0000
0010
0000
0000
023d
0000
2a0a
0000
0010
0000
0000
0000
0010
0000
0000
0000
0010
022d
0000
0000
320a
0000
0010
022d
0000
0000
320a
0000
0000
0010
0000
0000
0000
0010
0000
0000
00a0
032d
0000
0000
0000
0010
022d
0000
0000
0000
2a0a
0000
0010
022d
0000
0000
2a0a
0010
032d
0000
0000
0000
0000
0010
022d
0000
0000
0000
2a0a
0000
0010
022d
0000
0000
2a0a
0000
0010
022d
0000
0000
0000
0000
0010
032d
0000
0000
0a0a
0000
033d
0000
0000
0010
032d
0000
0000
0000
0000
0010
022d
0000
0000
0000
0000
0010
0a0a
0000
0010
022d
0000
0000
6a0a
0000
0000
0010
022d
0000
0000
0000
2a0a
0000
023d
0000
0000
2a0a
0000
0010
022d
0000
0000
0000
2a0a
0000
0010
022d
0000
0000
2a0a
0010
022d
0000
0000
0000
2a0a
0000
0010
0000
0000
0000
0010
0000
0000
0000
013d
0000
0000
0000
0010
0000
0000
0000
0010
022d
0000
0000
720a
0000
0000
0010
06d0
032d
0000
0000
0000
0010
022d
0000
0000
0000
2a0a
0000
0010
022d
0000
0000
920a
0010
022d
0000
0000
0000
2a0a
0000
0010
022d
0000
0000
0000
2a0a
0000
0010
022d
0000
0000
2a0a
0000
0010
022d
0000
0000
0000
920a
0000
0010
0000
0000
0000
0020
012d
0000
0000
0000
0010
0000
0000
0000
0010
022d
0000
0000
720a
0000
0000
023d
0000
0000
2a0a
0000
0010
022d
0000
0000
0000
2a0a
0000
0010
022d
0000
0000
921a
0010
022d
0000
0000
0000
0000
0010
0000
0000
920a
0000
0010
022d
0000
0000
2a0a
0010
022d
0000
0000
0000
2a0a
0000
0010
022d
0000
0000
0000
920a
0000
0010
022d
0000
0000
920a
0000
0010
0000
0000
0000
0010
0000
0000
0000
0010
0000
0000
0150
032d
0000
0000
0000
0010
022d
0000
0000
0000
2a0a
0000
0010
022d
0000
0000
2a0a
0010
022d
0000
0000
0000
920a
0000
0010
022d
0000
0000
0000
2a0a
0000
0010
022d
0000
0000
2a0a
0000
0010
022d
0000
0000
0000
0000
0010
0000
0000
920a
0000
023d
0000
0000
0000
0010
0000
0000
920a
0000
0010
022d
0000
0000
0000
2a0a
0000
023d
0000
0000
2a0a
0000
0010
022d
0000
0000
0000
0000
0010
0000
0000
920a
0000
023d
0000
0000
2a0a
0000
0010
022d
0000
0000
0000
0000
0010
0000
0000
920a
0000
023d
0000
0000
0000
0010
0000
0000
920a
0000
0010
022d
0000
0000
0000
0000
0010
920a
023d
0000
0000
0000
2a0a
0000
0010
022d
0000
0000
0000
0000
0010
0000
0000
920a
0010
0000
0000
0000
0010
0000
0000
0000
0010
0000
0000
0000
0010
0000
0000
02e0
022d
0000
0000
2a0a
0000
0010
022d
0000
0000
0000
0000
0010
0000
0000
920a
023d
0000
0000
0010
0000
0000
920a
0000
0010
022d
0000
0000
0000
0000
0010
0000
920a
0010
022d
0000
0000
0000
0000
0010
0000
0000
920a
0000
0010
022d
0000
0000
2a0a
0010
022d
0000
0000
0000
2a0a
0000
0010
022d
0000
0000
0000
0000
0010
0000
920a
0010
022d
0000
0000
0000
2a0a
0000
0010
022d
0000
0000
0000
2a0a
0000
0010
0280
022d
0000
0000
0000
0010
0000
0000
920a
0000
0010
022d
0000
0000
0000
2a0a
023d
0000
2a0a
0000
0010
022d
0000
0000
0000
0000
0010
0000
0000
920a
0000
0010
022d
0000
0000
2a0a
0000
0010
022d
0000
0000
0000
2a0a
0000
0010
022d
0000
0000
2a0a
0010
022d
0000
0000
0000
2a0a
0000
0010
022d
0000
0000
0000
920a
0000
0010
022d
0000
0000
2a0a
0000
0010
022d
0000
0000
0000
920a
0000
0010
022d
0000
0000
2a0a
0010
022d
0000
0000
0000
2a0a
0000
0010
022d
0000
0000
0000
2a0a
0000
0010
022d
0000
0000
2a0a
0000
0010
022d
0000
0000
0000
920a
0000
0010
022d
0000
0000
920a
0010
022d
0000
0000
0000
920a
0000
0010
022d
0000
0000
0000
920a
0000
0010
0020
012d
0000
0000
0000
0010
0000
0000
0000
0010
022d
0000
0000
220a
0000
0000
013d
0000
0000
0000
0010
0000
0000
0000
0010
022d
0000
0000
220a
0000
0000
0010
012d
0000
0000
0000
0010
0000
0000
0000
0010
022d
0000
0000
220a
0000
0000
0010
0240
022d
0000
220a
0000
0000
0010
0000
0000
0000
0010
0000
0000
0000
0010
0000
0520
8006
0000
0000
0010
0000
0000
0000
0010
0000
0000
c086
0000
0010
80c6
0000
0040
4046
0010
0000
0000
c1c6
0000
0010
0000
0000
8106
0000
0010
0000
0000
0000
0050
02c6
0000
0000
0010
8206
0000
0000
8306
0000
0010
022d
0000
0000
7a0a
0000
0396
4246
0000
0010
0000
0000
0000
0010
0000
0000
0000
0010
0000
0000
0000
0010
0280
c146
0010
0000
0000
0000
0010
0000
0000
0000
0010
0000
0000
8186
0000
0010
c296
0010
0000
0000
0000
0010
0000
0000
0000
0010
0000
0000
0000
0010
0000
0000
c356
0000
0010
0000
0000
0000
0010
0000
0000
0000
0010
0000
0000
0000
0010
0000
0340
6000
0000
0010
0000
0000
0000
0010
0000
0000
0000
0010
0000
0000
0000
0010
