2ff0
6000
0000
0001
2785
8f76
0067
0000
0010
0000
0000
0000
0010
0000
0000
0000
2ff0
6000
0000
0001
3903
8f76
0067
0000
0010
0000
0000
0000
0010
0000
0000
0000
2ff0
4103
1000
0000
0001
4056
8f76
0067
0000
0010
0000
0000
0000
0010
0000
0000
0153
1000
0010
0000
0000
0010
0000
0000
0000
0010
0000
0000
0000
0010
0000
0000
4193
1000
0000
0010
0000
0000
0000
0010
0000
0000
0000
0010
0000
0000
0000
01c3
1000
0010
0000
0000
0010
0000
0000
0000
0010
0000
0000
0000
0010
0000
0000
0000
4213
1000
0000
0000
0010
0000
0000
0000
0010
0000
0000
0000
0010
0000
0000
c243
1000
0010
0000
0000
0000
0010
0000
0000
0000
0010
0000
0000
0000
0010
0000
0000
0283
1000
0010
0000
0000
0010
0000
0000
0000
0010
0000
0000
0000
0010
0000
82c3
1000
0000
0010
0000
0000
0000
0010
0000
0000
0000
0010
0000
0000
0000
0010
0000
4313
1000
0000
0000
0010
0000
0000
0000
0010
0000
0000
0000
0010
0000
0000
0000
0343
1000
0010
0000
0000
0010
0000
0000
0000
0010
0000
0000
0000
0010
0000
8383
1000
0000
0010
0000
0000
0000
0010
0000
0000
0000
0010
0000
0000
0000
0010
0000
4013
1000
0000
0000
0010
0000
0000
0000
0010
0000
0000
0000
0010
0000
0000
c043
1000
0010
0000
0000
0000
0010
0000
0000
0000
0010
0000
0000
0000
0010
0000
0000
0083
1000
0010
0000
0000
0010
0000
0000
0000
0010
0000
0000
0000
0010
0000
0000
40d3
1000
0000
0010
0000
0000
0000
0010
0000
0000
0000
0010
0000
0000
0000
0010
05b0
026d
0000
0000
0010
0000
026d
0000
0000
060a
0000
0010
0000
026d
0000
0000
060a
0010
0000
0000
060a
0000
0010
0000
0000
0000
0010
0000
0000
0000
0010
0000
2ff0
6000
0000
0001
47cd
8f76
0067
0000
0010
0000
0000
0000
0010
0000
0000
0000
0e70
036d
0000
0010
0000
0000
026d
0000
0000
0010
0000
0000
026d
0000
0000
0e0a
027d
0000
0e0a
0010
0000
0000
0000
0010
960a
0000
0000
0000
0010
0000
0000
0000
0030
026d
0000
0010
0000
0000
026d
0000
0000
0e0a
0010
0000
0000
0000
0e0a
0010
026d
0000
660a
0010
0000
0000
0010
0000
0000
0000
0010
0000
0000
0000
0010
0000
027d
0000
0010
0000
0000
026d
0000
0000
0e0a
0010
2e0a
0000
0000
0000
0010
0000
027d
0000
0010
0000
0000
026d
0000
0000
0e0a
0010
2e0a
0000
0000
026d
0000
0000
0020
960a
0000
0000
0010
0000
0000
0000
0010
0000
0000
0000
0010
0000
0000
0000
027d
0000
0010
0000
0000
026d
0000
0000
0e0a
0010
960a
0000
0000
026d
0000
0000
2e1a
0000
0000
0010
0000
0000
0000
0010
0000
0000
0000
0010
0000
0000
026d
0000
027d
0000
0e0a
0010
0000
0000
0000
0e0a
0010
0000
0000
026d
0000
0000
660a
0010
0840
026d
0000
0010
0000
0000
026d
0000
0000
0e0a
660a
0010
0000
0000
0000
0010
0740
026d
0000
0010
0000
0000
0000
0010
960a
0000
0000
0000
0010
0000
0000
0000
0030
026d
0000
0010
0000
0000
026d
0000
0000
0e0a
0010
0000
0000
0000
0e0a
0010
026d
0000
6e0a
0010
0000
026d
0000
0000
0010
0000
0000
0000
0e0a
0010
0000
0000
026d
0000
6e0a
0010
0000
0000
0000
0010
0000
0000
0000
0010
0000
0000
0000
0010
027d
0000
0010
0000
0000
0000
060a
0010
0000
0000
0000
0010
0000
0000
0000
0010
2ff0
036d
0000
0000
0001
54bb
8f76
0067
0000
0010
026d
0000
0000
0000
0000
0010
960a
027d
0000
0000
0000
2e0a
0000
0010
026d
0000
0000
0000
0000
0010
026d
0000
060a
0000
0010
0000
0000
960a
0000
0010
026d
0000
0000
0000
2e0a
0000
0010
026d
0000
0000
2e0a
0000
0010
026d
0000
0000
0000
2e0a
0000
0010
026d
0000
0000
0000
2e0a
0010
0000
0000
0000
0010
0000
0000
0000
0010
0000
0000
0000
0010
026d
0000
027d
0000
0e0a
0000
0000
0010
0000
0e0a
0000
0000
0010
026d
0000
0000
6e0a
0000
0050
036d
0000
0000
0000
0010
026d
0000
0000
0000
0000
0010
0000
0000
960a
0000
027d
0000
0000
0000
0010
0000
0000
960a
0000
0010
026d
0000
0000
0000
0000
0010
960a
027d
0000
0000
0000
0000
0010
026d
0000
0000
0e0a
0000
2e0a
0000
0010
026d
0000
0000
2e0a
0000
0010
026d
0000
0000
0000
0000
0010
0000
0000
960a
0000
0010
026d
0000
0000
0000
0010
0000
0000
960a
0000
0010
026d
0000
0000
0000
0000
0010
960a
027d
0000
0000
0000
0000
0010
0000
0000
960a
0000
0010
026d
0000
0000
0000
2e0a
0010
026d
0000
0000
0000
2e0a
0000
0010
026d
0000
0000
0000
0000
0010
0000
960a
0010
026d
0000
0000
0000
0000
0010
0000
0000
960a
0000
0010
026d
0000
0000
961a
0010
026d
0000
0000
0000
2e0a
0000
0010
026d
0000
0000
0000
0000
0010
0000
960a
0010
026d
0000
0000
0000
2e0a
0000
0010
026d
0000
0000
0000
2e0a
0000
0010
026d
0000
0000
2e0a
0000
0010
026d
0000
0000
0000
2e0a
0000
0010
026d
0000
0000
961a
0010
026d
0000
0000
0000
2e0a
0000
0010
026d
0000
0000
0000
2e0a
0000
0010
026d
0000
0000
0000
0010
0000
0000
960a
0000
0010
0000
0000
0000
0010
0000
0000
05f0
026d
0000
0000
0000
0010
0000
0000
960a
0000
0010
026d
0000
0000
0000
0000
961a
0010
026d
0000
0000
0000
2e0a
0000
0010
0000
0000
0000
0010
0000
0000
0000
017d
0000
0000
0000
0010
0000
0000
0000
0010
026d
0000
0000
760a
0000
0000
0010
026d
0000
760a
0000
0000
0010
026d
0000
0000
760a
0000
0000
0010
026d
0000
0000
2e0a
0010
026d
0000
0000
0000
0000
0010
0000
0000
960a
0000
0010
026d
0000
0000
2e0a
0010
026d
0000
0000
0000
2e0a
0000
0010
0000
0000
0000
0010
0000
0000
0000
027d
0000
760a
0000
0000
0010
0000
0000
0000
0010
026d
0000
0000
0000
0000
0010
0e0a
0000
0010
0000
0000
0000
0010
0000
0000
0000
0010
0000
0000
0000
0010
0000
0ab0
036d
0000
0000
0000
0010
026d
0000
0000
0000
2e0a
0000
0010
026d
0000
0000
2e0a
0010
0000
0000
0000
0010
036d
0000
0000
0000
0000
0010
026d
0000
0000
0000
2e0a
0010
026d
0000
0000
0000
2e0a
0000
0010
026d
0000
0000
0000
960a
0000
0010
026d
0000
0000
960a
0000
0010
026d
0000
0000
0000
960a
0000
0010
026d
0000
0000
960a
0010
026d
0000
0000
0000
2e0a
0000
0010
026d
0000
0000
0000
2e0a
0000
0010
026d
0000
0000
960a
0000
0010
026d
0000
0000
0000
2e0a
0000
0010
026d
0000
0000
960a
0010
026d
0000
0000
0000
2e0a
0000
0010
026d
0000
0000
0000
2e0a
0000
0010
026d
0000
0000
960a
0000
0010
026d
0000
0000
0000
960a
0000
0010
026d
0000
0000
027d
0000
0e0a
0000
2e0a
0000
0010
026d
0000
0000
0000
960a
0000
0010
026d
0000
2e0a
027d
0000
0000
0000
2e0a
0000
0010
026d
0000
0000
0000
2e0a
0000
0010
026d
0000
0000
2e0a
0000
0010
0000
0000
0000
0010
0000
0000
0000
0010
026d
0000
0000
0040
360a
0000
0010
026d
0000
0000
0000
0000
0010
026d
0000
0000
0e0a
0000
0000
0e1a
0010
0000
0000
0000
0010
0000
0000
0000
0010
0000
0000
0000
0010
0000
0000
0060
036d
0000
0000
0000
0010
036d
0000
0000
0000
0000
0010
036d
0000
0000
0000
027d
0000
0000
0010
0000
0e0a
0000
0000
0010
026d
0000
0000
6e0a
0000
0000
0010
026d
0000
0000
2e0a
0000
0010
026d
0000
0000
0000
2e0a
0000
0010
0000
0000
0000
05a0
026d
0000
360a
0000
0000
0010
026d
0000
0000
360a
0000
0000
0010
026d
0000
0e1a
0000
0010
0000
0000
0000
0010
0000
0000
0000
0010
0000
0000
0000
0010
0000
0060
036d
0000
0000
0000
0010
026d
0000
0000
0000
2e0a
0000
0010
026d
0000
0000
2e0a
0010
036d
0000
0000
0000
0000
0010
026d
0000
0000
0000
2e0a
0000
0010
026d
0000
0000
2e0a
0000
0010
026d
0000
0000
0000
0000
0010
036d
0000
0000
0e0a
0000
037d
0000
0000
0010
036d
0000
0000
0000
0000
0010
026d
0000
0000
0000
0000
0010
026d
0000
0e0a
0000
2e0a
0000
0010
026d
0000
0000
0000
960a
0000
0010
026d
0000
2e0a
027d
0000
0000
0000
2e0a
0000
0010
026d
0000
0000
0000
2e0a
0000
0010
026d
0000
0000
2e0a
0000
0010
0000
0000
0000
0010
0000
0000
0000
0010
026d
0000
0000
0040
360a
0000
0010
026d
0000
0000
0000
0000
0010
0000
0e0a
0000
0000
0010
0000
00a0
036d
0000
0000
0000
0010
036d
0000
0000
0000
0000
0010
036d
0000
0000
0000
027d
0000
0000
0010
0000
0e0a
0000
0000
0010
026d
0000
0000
6e0a
0000
0000
0010
026d
0000
0000
2e0a
0000
0010
0000
0000
0000
0010
0000
0000
0000
0010
0000
0000
027d
0000
2e0a
0000
0010
0000
0000
0000
0010
0000
0000
0000
0010
026d
0000
0000
360a
0000
0010
026d
0000
0000
360a
0000
0000
0010
0000
0000
0000
0010
0000
0000
00a0
036d
0000
0000
0000
0010
026d
0000
0000
0000
2e0a
0000
0010
036d
0000
0000
027d
0000
0000
2e0a
0000
0010
026d
0000
0000
0000
2e0a
0000
0010
026d
0000
0000
027d
0000
0e0a
0000
2e0a
0000
0010
026d
0000
0000
0000
2e0a
0000
0010
026d
0000
2e0a
027d
0000
0000
0000
2e0a
0000
0010
026d
0000
0000
0000
2e0a
0000
0010
0000
0460
026d
0000
0000
2e0a
0000
0010
0000
0000
0000
0010
0000
0000
0000
0010
016d
0000
0000
0000
0010
0000
0000
0000
0010
026d
0000
0000
760a
0000
0000
0010
026d
0000
0000
0000
0010
0000
0e0a
0000
0000
0010
0000
0000
0000
0010
0000
0000
0000
0880
036d
0000
0000
0000
0010
036d
0000
0000
0000
0000
0010
036d
0000
0000
0000
027d
0000
2e0a
0000
0010
026d
0000
0000
0000
2e0a
0000
0010
026d
0000
0000
0000
2e0a
0010
026d
0000
0000
0000
960a
0000
0010
026d
0000
0000
0000
2e0a
0000
0010
026d
0000
0000
2e0a
0000
0010
026d
0000
0000
0000
2e0a
0000
0010
026d
0000
0000
960a
0010
0000
0000
0000
0010
0000
0000
0000
0010
016d
0000
0000
0000
0000
0010
027d
0000
760a
0000
0000
0010
0000
0000
0000
0010
0000
0000
0000
0010
0000
0000
01e0
036d
0000
0000
0000
0010
026d
0000
0000
0000
2e0a
0000
0010
026d
0000
0000
2e0a
0010
026d
0000
0000
0000
2e0a
0000
0010
026d
0000
0000
0000
960a
0000
0010
026d
0000
0000
2e0a
0000
0010
026d
0000
0000
0000
2e0a
0000
0010
026d
0000
0000
2e0a
0010
026d
0000
0000
0000
2e0a
0000
0010
026d
0000
0000
0000
960a
0000
0010
026d
0000
0000
960a
0000
0010
026d
0000
0000
0000
960a
0000
0010
026d
0000
0000
960a
0010
026d
0000
0000
0000
2e0a
0000
0010
026d
0000
0000
0000
2e0a
0000
0010
026d
0000
0000
2e0a
0000
0010
026d
0000
0000
0000
2e0a
0000
0010
026d
0000
0000
960a
0010
026d
0000
0000
0000
960a
0000
0010
026d
0000
0000
0000
960a
0000
0010
0330
026d
0000
0000
960a
0000
0010
026d
0000
0000
0000
0000
0010
026d
0000
0000
0e0a
2e0a
0000
0010
026d
0000
0000
0000
2e0a
0000
0010
026d
0000
0000
0000
2e0a
027d
0000
0000
0010
026d
0000
0000
0e0a
0000
960a
0000
0010
026d
0000
0000
0000
0e1a
0000
0010
026d
0000
0000
0000
0000
0010
0000
0000
0000
0010
0000
360a
0000
027d
0000
0000
0010
0000
0000
0000
0010
0000
360a
0000
0000
0010
026d
0000
0000
0e1a
0000
0010
0000
0000
0000
0010
0000
0000
0000
0010
0000
0000
0000
0010
0000
00a0
036d
0000
0000
0000
0010
036d
0000
0000
0000
0000
0010
0000
0000
0000
0010
0160
036d
0000
0000
0000
0010
026d
0000
0000
0000
0000
0010
0000
0e0a
0000
0000
027d
0000
6e0a
0000
0000
0010
026d
0000
0000
0000
2e0a
0000
0010
026d
0000
0000
2e0a
0010
0000
0000
0000
0010
0000
0000
0000
0010
026d
0000
0000
360a
0000
0000
027d
0000
360a
0000
0000
0010
0000
0000
0000
0010
0000
0000
0000
0010
0000
0000
0090
036d
0000
0000
0000
0010
026d
0000
0000
0000
2e0a
0000
0010
026d
0000
0000
2e0a
0010
036d
0000
0000
0000
0000
0010
026d
0000
0000
0000
2e0a
0000
0010
026d
0000
0000
2e0a
0000
0010
026d
0000
0000
0000
0000
0010
026d
0000
0000
0e0a
0000
037d
0000
0e0a
037d
0000
037d
0000
0000
0000
0010
026d
0000
0000
0000
0000
0010
026d
0000
0e0a
0000
2e0a
0000
0010
026d
0000
0000
0000
2e0a
0000
0010
026d
0000
2e0a
027d
0000
0000
0000
0000
0010
026d
0000
0000
0e0a
0000
960a
0000
0010
026d
0000
0000
0000
0010
0000
0e0a
0000
0000
0010
026d
0000
0000
0000
0000
0010
0000
361a
0000
0010
026d
0000
0000
0000
0000
0010
0000
0000
0000
0010
0000
360a
0000
0180
026d
0000
0000
0000
0010
036d
0000
0000
0e0a
0000
0000
0010
036d
0000
0000
037d
0000
0000
0000
0010
026d
0000
0000
0000
0000
0010
0000
0e0a
0000
0000
0010
026d
0000
6e0a
0000
0000
0010
026d
0000
0000
0000
2e0a
0000
0010
026d
0000
0000
2e0a
0010
0000
0000
0000
0010
0000
0000
0000
0010
026d
0000
0000
360a
0000
0000
027d
0000
360a
0000
0000
0010
0000
0000
0000
0010
0000
0000
0000
0010
0000
0000
0090
036d
0000
0000
0000
0010
026d
0000
0000
0000
2e0a
0000
0010
026d
0000
0000
2e0a
0010
036d
0000
0000
0000
0000
0010
0000
0000
0000
0010
0000
0000
0000
0010
0140
026d
0000
0000
2e0a
0000
0010
026d
0000
0000
0000
2e0a
0000
0010
026d
0000
037d
0000
0e0a
0000
0000
0010
036d
0000
0000
0000
0000
0010
036d
0000
0000
0000
027d
0000
0000
0010
0000
0e0a
0000
0000
0010
026d
0000
0000
6e0a
0000
0000
0010
0040
026d
0000
0000
2e0a
0000
0010
026d
0000
0000
0000
2e0a
0000
0010
026d
0000
2e0a
027d
0000
0000
0000
2e0a
0000
0010
026d
0000
0000
0000
2e0a
0000
0010
0000
0020
016d
0000
0000
0000
0010
0000
0000
0000
0010
026d
0000
0000
760a
0000
0000
0ad0
036d
0000
0000
0000
0010
026d
0000
0000
0000
2e0a
0000
0010
026d
0000
0000
2e0a
0010
026d
0000
0000
0000
960a
0000
0010
026d
0000
0000
0000
2e0a
0000
0010
026d
0000
0000
2e0a
0000
0010
026d
0000
0000
0000
960a
0000
0010
0000
0000
0000
0020
016d
0000
0000
0000
0010
0000
0000
0000
0010
026d
0000
0000
760a
0000
0000
027d
0000
0000
2e0a
0000
0010
026d
0000
0000
0000
0000
0010
0000
0000
960a
0000
027d
0000
0000
0000
0010
0000
0000
960a
0000
0010
026d
0000
0000
0000
2e0a
0000
027d
0000
0000
2e0a
0000
0010
026d
0000
0000
0000
2e0a
0000
0010
026d
0000
0000
960a
0010
026d
0000
0000
0000
960a
0000
0010
0000
0000
0000
0010
0000
0000
0000
0150
036d
0000
0000
0000
0010
026d
0000
0000
0000
2e0a
0000
0010
026d
0000
0000
2e0a
0010
026d
0000
0000
0000
2e0a
0000
0010
026d
0000
0000
0000
960a
0000
0010
026d
0000
0000
2e0a
0000
0010
026d
0000
0000
0000
0000
0010
0000
0000
960a
0000
027d
0000
0000
0000
0010
0000
0000
960a
0000
0010
026d
0000
0000
0000
2e0a
0000
027d
0000
0000
2e0a
0000
0010
026d
0000
0000
0000
0000
0010
0000
0000
960a
0000
027d
0000
0000
2e0a
0000
0010
026d
0000
0000
0000
0000
0010
0000
0000
960a
0000
027d
0000
0000
0000
0010
0000
0000
960a
0000
0010
026d
0000
0000
0000
0000
0010
960a
027d
0000
0000
0000
2e0a
0000
0010
026d
0000
0000
0000
0000
0010
0000
0000
960a
0010
026d
0000
0000
0000
2e0a
0000
0010
0000
0000
0000
0010
0000
0000
0000
0210
026d
0000
0000
0000
0010
0000
0000
960a
0000
0010
026d
0000
0000
0000
0000
961a
0010
026d
0000
0000
0000
0000
0010
0000
0000
960a
0000
0010
026d
0000
0000
961a
0010
026d
0000
0000
0000
2e0a
0000
0010
026d
0000
0000
0000
2e0a
0000
0010
026d
0000
0000
0000
0010
0000
0000
960a
0000
0010
026d
0000
0000
0000
2e0a
0000
027d
0000
0000
2e0a
0000
0010
026d
0000
0000
0000
0000
0010
0000
0000
960a
0000
0330
026d
0000
0000
2e0a
0000
0010
026d
0000
0000
0000
2e0a
0000
0010
026d
0000
961a
0010
026d
0000
0000
0000
2e0a
0000
0010
026d
0000
0000
0000
2e0a
0000
0010
026d
0000
0000
2e0a
0000
0010
026d
0000
0000
0000
2e0a
0000
0010
026d
0000
0000
960a
0010
026d
0000
0000
0000
2e0a
0000
0010
026d
0000
0000
0000
960a
0000
0010
026d
0000
0000
2e0a
0000
0010
026d
0000
0000
0000
2e0a
0000
0010
026d
0000
0000
2e0a
0010
026d
0000
0000
0000
2e0a
0000
0010
026d
0000
0000
0000
960a
0000
0010
026d
0000
0000
960a
0000
0010
026d
0000
0000
0000
960a
0000
0010
026d
0000
0000
960a
0010
0000
0000
0000
0010
0000
0000
0000
0010
016d
0000
0000
0000
0000
0010
027d
0000
260a
0000
0000
0010
016d
0000
0000
0000
0000
0010
0000
0000
0000
0010
026d
0000
260a
0000
0000
0010
016d
0000
0000
0000
0000
0010
0000
0000
0000
0010
026d
0000
260a
0000
0000
0010
0000
0000
0000
0010
0000
0000
0000
0010
0000
0000
01c0
026d
0000
260a
0000
0000
0010
0000
0000
0000
0010
0000
0000
0000
0010
0000
0580
c046
0010
40c6
0000
0000
0000
0010
0000
0000
0000
0010
0000
0000
4006
0000
0030
0146
0000
0000
0010
0000
0000
0086
0000
0010
4106
0000
0000
0000
0010
82c6
0286
027d
0000
4206
0000
7e0a
0000
0000
0010
0000
0000
c246
0000
0010
8386
0000
4306
0010
0346
0000
0000
0000
0010
0000
0000
0000
0010
0000
0000
0000
0010
0000
02c0
01c6
0010
4186
0000
0000
0000
0010
0000
0000
0000
0010
0000
0000
0000
0010
0390
6000
0000
0010
0000
0000
0000
0010
0000
0000
0000
0010
0000
0000
0000
0010
