2ff0
6000
0000
0001
9647
8f74
0067
0000
0010
0000
0000
0000
0010
0000
0000
0000
2ff0
6000
0000
0001
a5b3
8f74
0067
0000
0010
0000
0000
0000
0010
0000
0000
0000
2ff0
4103
1000
0000
0001
acdf
8f74
0067
0000
0010
0000
0000
0000
0010
0000
0000
0153
1000
0010
0000
0000
0010
0000
0000
0000
0010
0000
0000
0000
0010
0000
0000
4193
1000
0000
0010
0000
0000
0000
0010
0000
0000
0000
0010
0000
0000
0000
01c3
1000
0010
0000
0000
0010
0000
0000
0000
0010
0000
0000
0000
0010
0000
0000
0000
4213
1000
0000
0000
0010
0000
0000
0000
0010
0000
0000
0000
0010
0000
0000
c243
1000
0010
0000
0000
0000
0010
0000
0000
0000
0010
0000
0000
0000
0010
0000
0000
0283
1000
0010
0000
0000
0010
0000
0000
0000
0010
0000
0000
0000
0010
0000
82c3
1000
0000
0010
0000
0000
0000
0010
0000
0000
0000
0010
0000
0000
0000
0010
0000
4313
1000
0000
0000
0010
0000
0000
0000
0010
0000
0000
0000
0010
0000
0000
0000
0343
1000
0010
0000
0000
0010
0000
0000
0000
0010
0000
0000
0000
0010
0000
8383
1000
0000
0010
0000
0000
0000
0010
0000
0000
0000
0010
0000
0000
0000
0010
0000
4013
1000
0000
0000
0010
0000
0000
0000
0010
0000
0000
0000
0010
0000
0000
c043
1000
0010
0000
0000
0000
0010
0000
0000
0000
0010
0000
0000
0000
0010
0000
0000
0083
1000
0010
0000
0000
0010
0000
0000
0000
0010
0000
0000
0000
0010
0000
0000
40d3
1000
0000
0010
0000
0000
0000
0010
0000
0000
0000
0010
0000
0000
c103
1000
0040
8143
1000
0000
0010
0000
0000
0000
0010
0000
0000
0000
0010
0000
0000
0000
c193
1000
0010
0000
0000
0000
0010
0000
0000
0000
0010
0000
0000
0000
0010
0000
81c3
1000
0000
0010
0000
0000
0000
0010
0000
0000
0000
0010
0000
0000
0000
0010
c203
1000
0010
0000
0000
0010
0000
0000
0000
0010
0000
0000
0000
0010
0000
0000
0243
1000
0010
0000
0000
0010
0000
0000
0000
0010
0000
0000
0000
0010
0000
8283
1000
0000
0010
0000
0000
0000
0010
0000
0000
0000
0010
0000
0000
0000
0010
42c3
1000
0000
0000
0010
0000
0000
0000
0010
0000
0000
0000
0010
0000
0000
0000
0010
c303
1000
0010
0000
0000
0010
0000
0000
0000
0010
0000
0000
0000
0010
0000
8343
1000
0000
0010
0000
0000
0000
0010
0000
0000
0000
0010
0000
0000
0000
0010
4383
1000
0000
0000
0010
0000
0000
0000
0010
0000
0000
0000
0010
0000
0000
0000
0010
c003
1000
0010
0000
0000
0010
0000
0000
0000
0010
0000
0000
0000
0010
0000
0000
0043
1000
0010
0000
0000
0010
0000
0000
0000
0010
0000
0000
0000
0010
0000
8083
1000
0000
0010
0000
0000
0000
0010
0000
0000
0000
0010
0000
0000
0000
0010
0000
c0c3
1000
0010
0000
0000
0000
0010
0000
0000
0000
0010
0000
0000
0000
0010
0000
0103
1000
0010
0000
0010
0000
0000
0000
0010
0000
0000
0000
0010
4143
1000
0000
0040
0183
1000
0010
0000
0000
0010
0000
0000
0000
0010
0000
0000
0000
0010
41c3
1000
0000
0000
0010
0000
0000
0000
0010
0000
0000
0000
0010
0000
0000
0000
0010
0203
1000
0010
0000
0000
0010
0000
0000
0000
0010
0000
0000
0000
0010
0000
8243
1000
0000
0010
0000
0000
0000
0010
0000
0000
0000
0010
0000
0000
0000
0010
4283
1000
0000
0000
0010
0000
0000
0000
0010
0000
026d
0000
0000
020d
0000
0000
0010
026d
0000
020d
0000
060a
0000
000a
0010
0000
026d
0000
0000
c2c3
1000
020d
0000
060a
000a
2e0a
0010
280a
0000
0000
0000
0010
0000
0000
0000
0010
0000
0000
0000
025d
0000
0000
0000
0303
1000
0010
024d
0000
0000
040a
0000
0000
0010
024d
0000
040a
2c0a
0000
0010
0000
0000
0000
0010
4343
1000
0000
0000
0000
0010
0000
0000
0030
c383
1000
0010
0000
0000
0000
0010
0000
0000
0000
0010
0000
0000
0000
0010
0003
1000
0010
0000
0000
0010
0000
0000
0000
0010
0000
0000
0000
0010
0000
8043
1000
0000
0010
0000
0000
0000
0010
0000
0000
0000
0010
0000
0000
0000
0010
4083
1000
0000
0000
0010
0000
0000
0000
0010
0000
0000
0000
0010
0000
0000
0000
0010
00c3
1000
0010
0000
0000
0010
0000
0000
0000
0010
0000
0000
0000
0010
0000
8103
1000
0000
0010
0000
0000
0000
0010
0000
0000
0000
0010
0000
0000
0000
0010
0000
c143
1000
0010
0000
0000
0000
0010
0000
0000
0000
0010
0000
0000
0000
0010
0000
8183
1000
0000
0010
0000
0000
0000
0010
0000
0000
0000
0010
0000
0000
0000
0010
c1c3
1000
0010
0000
0000
0010
0000
0000
0000
0010
0000
0000
0000
0010
0000
8203
1000
0000
0010
0000
0000
0000
0010
0000
0000
0000
0010
0000
0000
0000
0010
4243
1000
0000
0000
0010
0000
0000
0000
0010
0000
0000
0000
0010
0000
0000
0000
0010
c283
1000
0010
0000
0000
0010
0000
0000
0000
0010
0000
0000
0000
0010
0000
0000
02c3
1000
0010
0000
0000
0010
0000
0000
0000
0010
0000
0000
0000
022d
0000
0010
8303
1000
0000
022d
0000
0010
020a
0000
0000
0000
022d
0000
0010
020a
0000
2a0a
0020
c343
1000
0010
0000
0000
0000
0010
0000
0000
0000
0010
0000
0000
0000
0010
0383
1000
0010
0000
0000
0010
0000
0000
0000
0010
0000
0000
0000
0010
0000
8003
1000
0000
0010
0000
0000
0000
0010
0000
0000
0000
0010
0000
0000
0000
0010
4043
1000
0000
0000
0010
0000
0000
0000
0010
0000
0000
0000
0010
0000
0000
0000
0010
c083
1000
0010
0000
0000
0010
0000
0000
0000
0010
0000
0000
0000
0010
0000
80c3
1000
0000
0010
0000
0000
0000
0010
0000
0000
0000
0010
0000
0000
0000
0010
0000
0f50
6000
0000
0000
0010
0000
0000
0000
0010
0000
0000
0000
0010
0000
0000
0000
2ff0
036d
0000
0000
0001
b94c
8f74
0067
0000
0010
026d
0000
0000
0000
0000
0010
026d
0000
8e0a
0000
0000
0010
026d
0000
0000
030d
0000
0e0a
0000
2e0a
0000
0010
026d
0000
020d
0000
0000
2e0a
0000
0010
026d
0000
0000
020d
0000
0000
880a
2e0a
027d
0000
020d
0000
080a
0000
280a
0010
0000
020d
0000
0000
2e0a
0000
280a
0010
020d
0000
0000
280a
0010
0000
020d
0000
0000
0000
0010
0000
0000
0000
280a
0010
027d
0000
0000
0000
0010
0000
0e0a
0000
0000
0010
026d
0000
0000
6e0a
0000
0000
027d
0000
020d
0000
0000
2e0a
0000
0010
0000
0000
080a
0000
0010
0000
020d
0000
680a
0010
0000
020d
0000
0000
0000
280a
0010
026d
0000
0000
0000
2e0a
0000
0010
026d
0000
0000
0000
0010
0000
0000
2e0a
0000
0010
0000
020d
0000
0000
0000
280a
021d
0000
034d
0000
0010
0000
0000
0000
024d
0000
280a
0010
0000
0000
0000
024d
0000
027d
0000
8c0a
0000
0000
0000
024d
0000
0010
026d
0000
0c0a
0000
0e0a
2c0a
024d
0000
027d
0000
0e0a
2c0a
660a
0000
0000
024d
0000
0010
0000
020d
0000
2c0a
024d
0000
021d
0000
0000
080a
0000
0010
0000
020d
0000
2c0a
0000
080a
600a
0000
0040
024d
0000
0010
0000
0000
0010
0c0a
0000
0000
0000
024d
0000
0010
6c0a
0000
032d
0000
024d
0000
0010
0000
2c0a
0000
022d
0000
0000
0010
0000
0000
022d
0000
8a0a
0010
0000
022d
0000
0000
0a0a
0010
2a0a
0000
0000
022d
0000
0000
024d
0000
2a1a
2c0a
0000
022d
0000
0000
024d
0000
0010
2a0a
0000
0000
022d
0000
0000
0010
2c0a
0000
0010
2a0a
0000
0000
0000
0010
0000
0000
0000
0010
0000
0000
0000
0010
024d
0000
0010
0000
022d
0000
0000
024d
0000
0010
0c0a
0000
0000
0000
024d
0000
0a0a
0c1a
640a
0000
0000
022d
0000
0000
6a0a
0010
0000
0000
022d
0000
0000
0010
2a0a
0000
0000
0010
0000
0000
0000
0010
0000
0000
0000
0010
0000
0000
022d
0000
2a1a
022d
0000
0000
0010
026d
0000
0000
0000
0000
0010
026d
0000
2a0a
0000
0e0a
027d
0000
060a
0000
0000
0010
0000
0e0a
0000
0000
0010
0000
0000
0000
0010
0000
022d
0000
0010
0000
0000
022d
0000
0000
0a0a
0010
0000
0000
022d
0000
0000
0a0a
620a
0010
0000
0000
0010
0000
0000
0000
0010
0000
0000
0000
0010
0000
0000
0000
023d
0000
0010
0000
0000
022d
0000
0000
0a0a
0010
0000
020d
0000
0000
022d
0000
020a
0010
020d
0000
0000
080a
0000
024d
0000
0a0a
0010
026d
0000
0000
020d
0000
6e0a
022d
0000
000a
0000
024d
0000
6a0a
0010
026d
0000
0c0a
0000
0000
022d
0000
080a
2e0a
024d
0000
0010
026d
0000
040a
2a0a
0000
020d
0000
0000
022d
0000
680a
0c1a
020d
0000
0000
024d
0000
280a
0010
6c0a
0000
020d
0000
0000
0000
024d
0000
2c1a
2e0a
024d
0000
0010
026d
0000
2a0a
0000
0000
022d
0000
960a
0000
0010
026d
0000
920a
0000
022d
0000
2e0a
0000
280a
0010
026d
0000
2a0a
0000
020d
0000
0000
022d
0000
900a
0010
0000
020d
0000
2c0a
0000
960a
0000
024d
0000
280a
0010
026d
0000
920a
020d
0000
940a
0000
022d
0000
0000
024d
0000
0010
0000
2c0a
0000
960a
024d
0000
900a
027d
0000
920a
0000
020d
0000
0000
022d
0000
2e0a
0000
0010
026d
0000
2a0a
940a
0000
022d
0000
2e0a
0000
024d
0000
900a
0010
026d
0000
2a0a
0000
020d
0000
022d
0000
2e0a
0000
280a
0010
026d
0000
2a0a
0000
020d
0000
940a
0000
022d
0000
024d
0000
280a
0010
0000
020d
0000
2c0a
0000
960a
0000
024d
0000
280a
027d
0000
920a
020d
0000
2c0a
0000
022d
0000
2e0a
0000
024d
0000
0010
026d
0000
2a0a
2c0a
0000
022d
0000
2e0a
0000
024d
0000
900a
0010
026d
0000
2a0a
0000
020d
0000
022d
0000
2e0a
0000
280a
0010
026d
0000
2a0a
0000
020d
0000
940a
0000
022d
0000
024d
0000
280a
0010
0000
020d
0000
2c0a
0000
960a
0000
024d
0000
280a
0010
026d
0000
920a
020d
0000
2c0a
0000
022d
0000
0000
024d
0000
0010
0000
2c0a
0000
960a
024d
0000
900a
0010
026d
0000
920a
0000
020d
0000
0000
022d
0000
2e0a
0000
027d
0000
2a0a
940a
0000
022d
0000
2e0a
0000
024d
0000
900a
0010
026d
0000
2a0a
020d
0000
022d
0000
2e0a
0000
280a
0010
026d
0000
2a0a
0000
020d
0000
940a
0000
022d
0000
2e0a
024d
0000
280a
0010
026d
0000
2a0a
0000
020d
0000
2c0a
0000
022d
0000
960a
024d
0000
280a
0010
920a
0000
020d
0000
2c0a
0000
0000
024d
0000
280a
021d
0000
2c0a
024d
0000
900a
0010
0000
2c0a
0000
0000
024d
0000
0010
0000
940a
027d
0000
0000
022d
0000
0000
0010
026d
0000
0000
0e0a
0000
022d
0000
960a
0000
0a0a
027d
0000
920a
0000
020d
0000
0000
022d
0000
2e0a
0000
0010
2a0a
0000
020d
0000
080a
0000
024d
0000
900a
0010
0000
020d
0000
0000
0000
024d
0000
280a
0010
0c0a
940a
0000
0000
024d
0000
0010
0000
2c0a
0000
0000
0010
0000
0000
0000
0010
0400
022d
0000
0010
026d
0000
2a0a
0000
020d
0000
0000
022d
0000
2e0a
0000
280a
027d
0000
020d
0000
0000
022d
0000
0000
024d
0000
0a0a
0010
026d
0000
0000
020d
0000
0e0a
2c0a
080a
0000
024d
0000
0010
920a
0000
0000
022d
0000
960a
0000
024d
0000
900a
027d
0000
0c0a
2a0a
0000
020d
0000
0000
022d
0000
2e0a
0000
280a
0010
026d
0000
2a0a
020d
0000
940a
0000
022d
0000
2e0a
0000
024d
0000
280a
0010
026d
0000
2a0a
020d
0000
2c0a
0000
022d
0000
2e0a
0000
024d
0000
280a
0010
026d
0000
2a0a
020d
0000
2c0a
0000
022d
0000
2e0a
0000
024d
0000
280a
0010
026d
0000
0000
020d
0000
2c0a
022d
0000
0000
024d
0000
0a0a
0010
026d
0000
2a0a
0000
020d
0000
0e0a
2c0a
022d
0000
080a
2e0a
0000
024d
0000
280a
0010
026d
0000
2a0a
0000
020d
0000
022d
0000
2e0a
0000
024d
0000
280a
620a
0010
026d
0000
0c0a
0000
020d
0000
2c0a
660a
600a
0000
024d
0000
0010
0000
2c0a
0000
0000
024d
0000
0010
640a
0000
08e0
022d
0000
0010
0000
0000
0000
020a
0010
0000
0000
0000
0010
0000
0000
0000
0050
026d
0000
0000
0000
0010
0000
020d
0000
060a
0000
0000
024d
0000
0010
0000
000a
0010
040a
0000
0000
0000
0010
0000
0000
0000
0010
0000
0000
0000
0010
0000
05e0
032d
0000
0010
036d
0000
0000
0000
022d
0000
0000
0010
026d
0000
0000
030d
0000
022d
0000
0000
020a
0010
026d
0000
0000
020d
0000
060a
0000
022d
0000
0000
034d
0000
020a
027d
0000
0000
020d
0000
060a
0000
000a
0000
024d
0000
0010
920a
020d
0000
022d
0000
000a
960a
0000
024d
0000
0010
026d
0000
040a
0000
0000
022d
0000
024d
0000
0a0a
900a
0010
026d
0000
040a
0000
020d
0000
0e0a
0000
0000
0a0a
021d
0000
0e0a
940a
080a
024d
0000
0010
0000
0000
080a
0000
024d
0000
0010
0c0a
0c1a
0000
0000
0010
0000
0000
0000
0010
0000
0000
0000
0010
0000
0000
0000
0010
0790
032d
0000
0010
0000
0000
022d
0000
0000
0010
036d
0000
0000
0000
0000
0010
026d
0000
920a
0000
022d
0000
0000
0010
0000
0000
960a
0000
0010
026d
0000
920a
022d
0000
0010
030d
0000
0000
960a
0000
034d
0000
0010
026d
0000
920a
0000
020d
0000
022d
0000
0000
024d
0000
0010
0000
0000
960a
0000
900a
0010
026d
0000
920a
020d
0000
940a
022d
0000
0000
024d
0000
0010
0000
0000
960a
0000
900a
0010
026d
0000
920a
020d
0000
940a
0000
022d
0000
0000
024d
0000
0010
2a0a
0000
0000
022d
0000
960a
900a
0010
026d
0000
0000
020d
0000
940a
0000
2e0a
0000
024d
0000
0010
026d
0000
920a
0000
022d
0000
0000
900a
0010
920a
0000
020d
0000
940a
0000
022d
0000
960a
024d
0000
0010
026d
0000
0000
0000
960a
0000
900a
0010
026d
0000
920a
020d
0000
940a
022d
0000
0000
024d
0000
280a
0010
2a0a
0000
020d
0000
2c0a
0000
022d
0000
960a
024d
0000
0010
026d
0000
0000
0000
2e0a
0000
900a
0010
026d
0000
920a
020d
0000
940a
0000
022d
0000
0000
024d
0000
900a
0010
0000
020d
0000
940a
960a
024d
0000
0010
026d
0000
920a
0000
0000
022d
0000
0000
900a
0010
0000
020d
0000
940a
960a
0000
024d
0000
280a
0010
026d
0000
920a
0000
020d
0000
2c0a
0000
022d
0000
024d
0000
0010
920a
0000
0000
022d
0000
960a
0000
900a
0010
026d
0000
020d
0000
940a
960a
0000
024d
0000
0010
026d
0000
920a
0000
0000
022d
0000
0000
900a
921a
0000
020d
0000
940a
0000
022d
0000
960a
0000
024d
0000
0010
026d
0000
2a0a
0000
022d
0000
960a
0000
900a
0010
026d
0000
2a0a
0000
020d
0000
940a
0000
022d
0000
2e0a
024d
0000
900a
0010
026d
0000
0000
020d
0000
940a
0000
2e0a
0000
024d
0000
027d
0000
920a
0000
0000
022d
0000
0000
900a
0010
0000
020d
0000
940a
960a
024d
0000
900a
0010
026d
0000
920a
0000
020d
0000
940a
0000
022d
0000
0000
024d
0000
280a
0010
020d
0000
2c0a
0000
960a
0000
024d
0000
280a
0010
026d
0000
920a
020d
0000
2c0a
0000
022d
0000
0000
024d
0000
0010
0000
0000
960a
0000
900a
027d
0000
920a
020d
0000
940a
0000
022d
0000
0000
024d
0000
0010
0000
0000
960a
900a
027d
0000
920a
0000
020d
0000
940a
0000
022d
0000
0000
024d
0000
0010
0000
960a
900a
0010
026d
0000
920a
0000
020d
0000
940a
0000
0000
024d
0000
0010
0000
960a
900a
0010
0000
020d
0000
940a
0000
0000
024d
0000
0010
0000
0000
0000
900a
021d
0000
940a
024d
0000
0010
0000
0000
0000
900a
0010
0000
940a
0000
0000
0010
0580
022d
0000
0010
026d
0000
0000
0000
0000
0010
920a
0000
020d
0000
0000
022d
0000
960a
024d
0000
0010
026d
0000
0000
0000
0000
900a
0010
920a
0000
020d
0000
940a
022d
0000
960a
0000
024d
0000
0010
026d
0000
2a0a
0000
0000
022d
0000
2e0a
900a
027d
0000
2a0a
0000
020d
0000
940a
0000
022d
0000
2e0a
0000
024d
0000
280a
027d
0000
920a
020d
0000
2c0a
0000
022d
0000
960a
0000
024d
0000
280a
0010
026d
0000
920a
020d
0000
2c0a
0000
960a
0000
024d
0000
900a
0010
0000
020d
0000
940a
024d
0000
900a
941a
0000
022d
0000
0000
0010
026d
0000
0000
0000
022d
0000
0000
0a0a
027d
0000
0000
020d
0000
0e0a
0000
0000
024d
0000
0a0a
0010
0000
020d
0000
0e0a
022d
0000
080a
0000
024d
0000
6a0a
0010
026d
0000
0c0a
0000
6e0a
0000
022d
0000
080a
0010
026d
0000
0c0a
0000
020d
0000
0000
680a
0000
024d
0000
0a0a
0010
6c0a
020d
0000
0e0a
0000
022d
0000
0000
024d
0000
620a
0010
026d
0000
0000
660a
080a
0010
0c0a
0000
020d
0000
0000
600a
0000
024d
0000
0010
640a
0000
0000
0000
0730
022d
0000
0010
026d
0000
920a
0000
0000
960a
0000
0010
0000
0000
0000
024d
0000
0010
020d
0000
940a
0000
0000
900a
0010
0000
0000
0000
0010
0000
0000
022d
0000
0010
026d
0000
0000
0000
022d
0000
0000
0a0a
0010
026d
0000
0000
0e0a
0000
024d
0000
0a0a
0010
020d
0000
0e0a
0000
022d
0000
0000
024d
0000
620a
0010
026d
0000
0c0a
020d
0000
660a
0000
080a
0000
0010
0c0a
0000
0000
080a
0000
024d
0000
641a
020d
0000
0000
600a
0000
0010
0000
0000
0000
0010
0000
0000
022d
0000
0000
027d
0000
0000
0000
0a0a
0010
0000
0e0a
0000
022d
0000
0000
024d
0000
6a0a
0010
026d
0000
020d
0000
6e0a
0000
022d
0000
0000
0010
026d
0000
0c0a
0000
0000
080a
024d
0000
921a
6c0a
0000
020d
0000
0000
022d
0000
960a
680a
0000
024d
0000
0010
026d
0000
2a0a
020d
0000
0000
022d
0000
2e0a
0000
0010
026d
0000
2a0a
0000
940a
022d
0000
2e0a
024d
0000
900a
0010
026d
0000
0000
020d
0000
2c0a
0000
0000
024d
0000
280a
921a
0000
020d
0000
2c0a
0000
022d
0000
960a
0000
024d
0000
280a
0010
026d
0000
2a0a
020d
0000
0000
022d
0000
2e0a
0000
0010
026d
0000
2a0a
0000
940a
022d
0000
2e0a
024d
0000
900a
0010
026d
0000
0000
020d
0000
2c0a
0000
0000
024d
0000
280a
921a
0000
020d
0000
2c0a
0000
022d
0000
960a
0000
024d
0000
280a
0010
026d
0000
2a0a
020d
0000
0000
022d
0000
2e0a
0000
0010
026d
0000
2a0a
0000
940a
022d
0000
2e0a
024d
0000
900a
0010
026d
0000
2a0a
0000
020d
0000
2c0a
0000
022d
0000
2e0a
024d
0000
280a
0010
026d
0000
2a0a
0000
020d
0000
2c0a
0000
2e0a
0000
024d
0000
280a
0010
020d
0000
2c0a
0000
0000
024d
0000
280a
0010
0000
020d
0000
2c0a
012d
0000
0000
280a
0010
016d
0000
0000
0000
0000
0010
0000
0000
022d
0000
014d
0000
720a
0010
010d
0000
0000
022d
0000
0000
720a
0010
0000
0000
0000
024d
0000
741a
0000
0000
0000
024d
0000
0010
740a
0000
0000
0000
0010
026d
0000
0000
760a
0000
0010
026d
0000
0000
020d
0000
760a
0000
700a
0000
0010
0000
020d
0000
700a
0010
0000
0000
0000
0010
0000
0000
0000
0010
0000
0000
0000
0010
0000
0000
0d30
032d
0000
0010
0000
0000
022d
0000
0000
0010
2a0a
0000
0000
022d
0000
0000
921a
0000
022d
0000
0000
0010
2a0a
0000
0000
022d
0000
0000
0010
2a0a
0000
0000
022d
0000
0010
2a0a
0000
0000
0000
0010
0000
0000
0000
0010
0000
0000
022d
0000
034d
0000
220a
0010
0000
012d
0000
0000
024d
0000
0010
0000
2c0a
0000
0000
024d
0000
0010
940a
0000
022d
0000
0000
024d
0000
720a
0010
0000
2c0a
0000
0000
024d
0000
0010
2c0a
0000
0000
024d
0000
0010
0000
2c0a
0000
0000
0010
0000
0000
0000
037d
0000
0000
0000
024d
0000
0010
026d
0000
240a
0000
0000
2e0a
0000
014d
0000
027d
0000
0000
960a
0000
0010
026d
0000
0000
0000
2e0a
0000
024d
0000
0010
026d
0000
740a
0000
2e0a
0000
0010
026d
0000
0000
0000
2e0a
0000
0010
0000
0000
0000
0020
026d
0000
030d
0000
260a
0000
0000
0010
016d
0000
0000
020d
0000
0000
0000
280a
0010
020d
0000
0000
0000
900a
0010
026d
0000
0000
020d
0000
760a
0000
0000
280a
0010
020d
0000
0000
0000
280a
0010
0000
020d
0000
0000
0000
280a
0010
0000
0020
020d
0000
200a
0000
0010
0000
010d
0000
0000
0000
0010
0000
0000
0000
0010
020d
0000
700a
0000
0010
0000
0000
0000
0010
0000
0000
0000
0010
0000
0000
0000
0530
032d
0000
0010
0000
0000
022d
0000
0000
0010
2a0a
0000
0000
022d
0000
0000
2a1a
0000
0000
0010
0000
0000
0000
0010
0000
0000
022d
0000
0000
220a
0010
0000
0040
034d
0000
0010
0000
0000
024d
0000
0010
0000
2c0a
0000
0000
024d
0000
0010
2c0a
0000
0010
0000
0000
0000
0010
0000
0000
0000
024d
0000
0010
240a
0000
0000
0020
036d
0000
0000
0000
0010
026d
0000
0000
0000
2e0a
0000
0010
026d
0000
0000
2e0a
0010
0000
0000
0000
0010
0000
0000
0000
0010
026d
0000
0000
260a
0000
0000
031d
0000
0010
0000
020d
0000
0000
0000
280a
0010
0000
020d
0000
0000
0000
280a
0030
020d
0000
200a
0000
0010
0000
0000
0000
0010
0000
0000
0000
0010
0000
0000
00f0
c046
0010
4006
0000
0000
0000
0010
0000
0000
0000
0010
0000
0000
0000
0010
c006
0000
0000
0010
40c6
0000
0000
0000
0010
0000
0000
0000
0010
0000
0000
0000
0016
0000
0000
0010
0046
0000
0000
0000
0010
0000
0000
0000
0010
0000
0000
0000
0020
80c6
0010
0000
0000
8006
0000
0010
0000
0000
0000
0010
0000
0000
0000
0010
4046
0000
0000
0010
0000
0000
c0c6
0000
0010
0086
0000
0000
8046
0000
0010
0000
0070
0286
0000
00c6
0000
0010
0000
0000
0000
0010
0000
0000
0000
0010
0000
0000
0020
4086
0010
4206
0000
0000
0000
0010
0000
0000
0000
0010
4106
0000
0000
4286
0020
8086
0000
0000
0010
0000
0000
0000
0010
0000
0000
0000
0010
0000
0000
0000
8216
0010
0000
0000
c106
0000
0010
0146
0000
0000
4386
0000
0010
0346
0000
0000
4196
4306
0000
0010
8286
0000
0000
0000
0010
0000
0000
0000
0010
0000
0000
0106
4156
0010
c086
0000
0000
0000
0010
c286
0000
0000
0000
0010
0000
0000
022d
0000
8346
7a0a
0010
c306
0000
0000
c186
0000
0010
4246
0000
0000
0000
0010
0000
0000
8396
82c6
0000
0010
c206
0000
0000
0000
0010
0000
0000
0000
0010
0000
0000
c346
8156
0186
0000
024d
0000
0010
7c0a
0000
0000
0000
0010
8246
0000
0000
0000
0010
c386
0000
41c6
0000
0010
0000
0000
0000
0010
0206
0000
0000
c2c6
0000
0010
81c6
c146
8196
0000
0000
0386
0000
0010
8106
0000
0000
0000
0010
0000
0000
0000
0010
026d
0000
8306
7e0a
0000
0000
0010
c1c6
0000
0000
0306
0000
0010
4346
0000
0000
02c6
0010
c246
0000
0000
0000
0010
0000
0000
0000
0010
0000
0000
0000
0010
0000
020d
0000
780a
0000
0010
0000
0000
0246
0000
0010
42c6
0000
0000
01c6
0000
0010
0530
6000
0000
0010
0000
0000
0000
0010
0000
0000
0000
0010
0000
0000
0000
0010
