2ff0
6000
0000
0001
6c4d
8f78
0067
0000
0010
0000
0000
0000
0010
0000
0000
0000
2ff0
6000
0000
0001
7b57
8f78
0067
0000
0010
0000
0000
0000
0010
0000
0000
0000
2ff0
c103
1000
0000
0001
8288
8f78
0067
0000
0010
0000
0000
0000
0010
0000
0000
8153
1000
0010
0000
0000
0010
0000
0000
0000
0010
0000
0000
0000
0010
0000
0000
c193
1000
0000
0010
0000
0000
0000
0010
0000
0000
0000
0010
0000
0000
0000
81c3
1000
0010
0000
0000
0010
0000
0000
0000
0010
0000
0000
0000
0010
0000
0000
0000
c213
1000
0000
0000
0010
0000
0000
0000
0010
0000
0000
0000
0010
0000
0000
0000
0253
1000
0010
0000
0000
0000
0010
0000
0000
0000
0010
0000
0000
0000
8283
1000
0050
42c3
1000
0010
0000
0000
0000
0010
0000
0000
0000
0010
0000
0000
0000
0010
c303
1000
0000
0000
0010
0000
0000
0000
0010
0000
0000
0000
0010
0000
0000
0000
8343
1000
0010
0000
0000
0010
0000
0000
0000
0010
0000
0000
0000
0010
0000
0000
4393
1000
0010
0000
0000
0000
0010
0000
0000
0000
0010
0000
0000
0000
0010
c003
1000
0000
0000
0010
0000
0000
0000
0010
0000
0000
0000
0010
0000
0000
0000
0010
0043
1000
0000
0010
0000
0000
0000
0010
0000
0000
0000
0010
0000
0000
0000
8083
1000
0010
0000
0000
0010
0000
0000
0000
0010
0000
0000
0000
0010
0000
0000
0000
c0d3
1000
0000
0000
0010
0000
0000
0000
0010
0000
0000
0000
0010
0000
0000
0000
0113
1000
0010
0000
0000
0000
0010
0000
0000
0000
0010
0000
0000
4143
1000
0000
0050
0183
1000
0000
0010
0000
0000
0000
0010
0000
0000
0000
0010
0000
0000
41c3
1000
0010
0000
0000
0000
0010
0000
0000
0000
0010
0000
0000
0000
0010
0000
0000
0213
1000
0000
0010
0000
0000
0000
0010
0000
0000
0000
0010
0000
0000
0000
8243
1000
0010
0000
0000
0010
0000
0000
0000
0010
0000
0000
0000
0010
0000
0000
4283
1000
0010
0000
0000
0000
0010
0000
0000
0000
0010
0000
0000
0000
0010
0000
0000
c2d3
1000
0000
0010
0000
0000
0000
0010
0000
0000
0000
0010
0000
0000
0000
0010
0303
1000
0000
0010
0000
0000
0000
0010
0000
0000
0000
0010
0000
0000
4343
1000
0050
c383
1000
0000
0000
0010
0000
0000
0000
0010
0000
0000
0000
0010
0000
0000
0013
1000
0000
0010
0000
0000
0000
0010
0000
0000
0000
0010
0000
0000
0000
8043
1000
0010
0000
0000
0010
0000
0000
0000
0010
0000
0000
0000
0010
0000
0000
4083
1000
0010
0000
0000
0000
0010
0000
0000
0000
0010
0000
0000
0000
0010
0000
0000
02f0
020d
0000
0000
0000
0010
020d
0000
0000
000a
0000
024d
0000
0000
0010
020d
0000
000a
0000
024d
0000
280a
0000
040a
0010
0000
0000
024d
0000
0000
040a
0010
2c0a
0000
0000
0010
0000
0000
0000
0010
0000
0000
0000
0010
0000
0000
0000
0010
2ff0
6000
0000
0001
8a26
8f78
0067
0000
0010
0000
0000
0000
0010
0000
0000
0000
2ff0
030d
0000
0000
0001
9308
8f78
0067
0000
0010
020d
0000
0000
0000
0000
0010
020d
0000
880a
0000
0000
0010
020d
0000
0000
080a
0000
280a
0000
0010
020d
0000
280a
021d
0000
0000
0000
280a
0000
0010
020d
0000
0000
0000
0000
0010
0000
0000
280a
0010
0000
0000
0000
0010
0000
0000
0000
0010
0000
0000
0000
0010
0000
0000
021d
0000
0000
0010
0000
080a
0000
0000
0010
020d
0000
0000
680a
0000
0000
0010
020d
0000
0000
280a
0000
0010
0000
0000
0000
0010
0000
0000
0000
0010
0000
0000
034d
0000
0010
020d
0000
0000
0000
024d
0000
280a
0000
0010
020d
0000
0000
0000
024d
0000
8c0a
0010
0000
0000
024d
0000
280a
0000
0c0a
0010
2c0a
0000
0000
024d
0000
0010
2c0a
0000
0000
024d
0000
0000
0010
2c0a
0000
0000
024d
0000
0000
0010
021d
0000
2c0a
0000
0000
0010
020d
0000
0000
080a
0000
0000
0010
020d
0000
0000
080a
600a
0000
0010
0000
0000
0000
0010
0000
0000
024d
0000
0000
0010
0000
0000
0c0a
0010
0000
024d
0000
0000
6c0a
0010
0000
0000
024d
0000
0000
0010
2c0a
0000
0030
024d
0000
0010
2c0a
0000
0000
024d
0000
0000
0010
0000
0000
0000
0010
2c0a
0040
024d
0000
0010
0000
0000
024d
0000
0000
0c0a
0010
0000
0000
024d
0000
0000
0c0a
640a
0010
0000
0000
0010
0000
0000
0000
0010
0000
0000
0000
0010
0000
0000
0580
020d
0000
0000
0000
0010
020d
0000
0000
080a
0000
0000
0010
020d
0000
0000
000a
0000
0010
0000
080a
0000
0000
0010
0000
0000
0000
0010
0000
0000
0000
0010
0190
024d
0000
0010
020d
0000
0000
680a
0000
024d
0000
0000
0c0a
0010
020d
0000
024d
0000
280a
040a
021d
0000
0000
0000
0000
0c0a
0010
0000
0000
024d
0000
0000
6c0a
0010
0000
024d
0000
0000
0010
2c0a
0000
0000
024d
0000
280a
0000
0010
020d
0000
0000
900a
0000
0010
020d
0000
0000
0000
280a
0000
0010
020d
0000
0000
0000
2c1a
024d
0000
900a
0000
0010
020d
0000
940a
0000
0000
024d
0000
0000
0010
2c0a
024d
0000
900a
021d
0000
0000
0000
280a
0000
0010
020d
0000
940a
0000
0000
024d
0000
280a
0010
020d
0000
0000
0000
280a
0000
0010
020d
0000
940a
0000
0000
024d
0000
0010
2c0a
0000
0000
024d
0000
900a
0000
0010
020d
0000
2c0a
0000
0000
024d
0000
280a
0010
020d
0000
2c0a
0000
0000
024d
0000
280a
0000
0010
020d
0000
0000
280a
0010
020d
0000
940a
0000
0000
024d
0000
0000
0010
2c0a
0000
0000
024d
0000
900a
0010
020d
0000
2c0a
0000
0000
024d
0000
0000
0010
2c0a
0000
0000
024d
0000
900a
0010
020d
0000
0000
0000
280a
0000
0010
020d
0000
940a
0000
0000
024d
0000
280a
0010
020d
0000
0000
0000
280a
0000
0010
020d
0000
940a
0000
0000
024d
0000
280a
0010
020d
0000
2c0a
0000
0000
024d
0000
900a
0000
0010
2c0a
0000
0000
024d
0000
0010
2c0a
0000
0000
024d
0000
0000
0010
2c0a
0000
0000
024d
0000
0000
0010
940a
0000
0000
0010
020d
0000
0000
0000
0000
0010
020d
0000
0000
080a
0000
900a
021d
0000
280a
0000
0010
0000
0000
024d
0000
0000
0010
0000
0000
024d
0000
0000
0c0a
941a
0000
0000
024d
0000
0000
0010
2c0a
0000
0000
0000
0010
0000
0000
0000
02d0
020d
0000
0000
024d
0000
280a
0000
0010
020d
0000
2c0a
0000
0000
024d
0000
021d
0000
080a
024d
0000
0000
0c0a
0010
0000
0000
900a
0000
0010
020d
0000
940a
024d
0000
280a
021d
0000
2c0a
0000
0000
024d
0000
280a
0000
0010
020d
0000
2c0a
024d
0000
280a
021d
0000
2c0a
0000
0000
024d
0000
280a
0000
0010
020d
0000
2c0a
024d
0000
021d
0000
0000
080a
0000
024d
0000
280a
0000
0c0a
0010
020d
0000
2c0a
024d
0000
280a
021d
0000
2c0a
0000
600a
0000
024d
0000
0000
640a
0010
0000
0000
0760
020d
0000
0000
0000
0010
0000
000a
0000
0000
0010
0000
0000
0000
0010
0000
025d
0000
0010
0000
0000
0000
040a
0010
0000
0000
0000
0010
0000
0000
0000
0010
0930
030d
0000
0000
0000
0010
020d
0000
0000
0000
034d
0000
0000
0010
020d
0000
000a
024d
0000
0000
0010
020d
0000
0000
000a
0000
024d
0000
0000
040a
0010
0000
024d
0000
900a
040a
0010
020d
0000
0000
0000
0000
0010
020d
0000
940a
0000
080a
024d
0000
0010
0000
080a
0000
024d
0000
0000
0c0a
0010
0000
0000
0000
0c0a
0010
0880
030d
0000
0000
034d
0000
0000
0010
020d
0000
0000
0000
024d
0000
0000
0010
900a
021d
0000
940a
0000
0000
024d
0000
0000
0010
0000
0000
900a
0000
0010
020d
0000
940a
0000
024d
0000
0000
0010
0000
0000
900a
0000
0010
020d
0000
940a
0000
024d
0000
0010
0000
0000
900a
0000
0010
020d
0000
940a
0000
0000
024d
0000
0000
901a
0010
020d
0000
940a
0000
0000
024d
0000
280a
0000
0010
020d
0000
2c0a
0000
024d
0000
0010
0000
0000
900a
0000
0010
020d
0000
940a
0000
0000
024d
0000
900a
021d
0000
940a
024d
0000
0000
0010
0000
0000
900a
0000
0010
020d
0000
940a
0000
024d
0000
280a
0010
020d
0000
2c0a
0000
0000
024d
0000
0000
0010
0000
0000
900a
021d
0000
940a
024d
0000
0000
0010
0000
0000
900a
0000
0010
020d
0000
940a
0000
024d
0000
0010
0000
0000
900a
0000
0010
020d
0000
940a
0000
0000
024d
0000
900a
021d
0000
940a
024d
0000
0000
0010
0000
0000
900a
0000
0010
020d
0000
940a
0000
024d
0000
900a
0010
020d
0000
940a
0000
0000
024d
0000
280a
0000
0010
020d
0000
2c0a
0000
024d
0000
280a
0000
0010
020d
0000
2c0a
0000
0000
024d
0000
0000
0010
900a
021d
0000
940a
0000
0000
024d
0000
0000
0010
0000
0000
900a
0000
0010
020d
0000
940a
0000
024d
0000
0000
0010
0000
0000
900a
0000
0010
020d
0000
940a
0000
024d
0000
0010
0000
0000
900a
0000
0010
020d
0000
940a
0000
0000
024d
0000
0000
901a
0010
020d
0000
940a
0000
0000
024d
0000
0000
0010
0000
0000
900a
0000
0010
940a
0000
0000
0010
0000
0000
0000
0010
0000
0000
0000
0010
0000
0000
0000
0010
0590
020d
0000
0000
024d
0000
0000
0010
0000
0000
900a
0000
0010
020d
0000
940a
024d
0000
0010
0000
900a
0000
0010
020d
0000
940a
0000
0000
024d
0000
280a
0000
021d
0000
2c0a
0000
024d
0000
280a
0000
0010
020d
0000
2c0a
0000
0000
024d
0000
900a
0010
020d
0000
940a
0000
0000
024d
0000
900a
0000
0010
940a
0000
0000
0000
0020
020d
0000
0000
024d
0000
0000
0010
020d
0000
0000
080a
0000
024d
0000
0000
0c0a
0010
080a
0000
0000
0c0a
0010
020d
0000
0000
600a
0000
024d
0000
0000
640a
08c0
024d
0000
0010
020d
0000
0000
0000
0000
0c0a
0010
0000
080a
0000
024d
0000
6c0a
021d
0000
0000
680a
0000
024d
0000
0000
0010
020d
0000
0000
0000
0000
0c0a
081a
0010
0000
0000
0000
0010
0000
0000
024d
0000
0000
0010
020d
0000
0000
0000
0c0a
0010
080a
0000
024d
0000
0000
6c0a
0010
020d
0000
0000
680a
0000
024d
0000
021d
0000
024d
0000
0000
0c0a
0010
020d
0000
0000
080a
0000
024d
0000
0000
0c0a
021d
0000
080a
0000
024d
0000
0000
0c0a
0010
020d
0000
0000
080a
0000
024d
0000
0c0a
021d
0000
0000
080a
0000
024d
0000
0000
0c0a
0010
020d
0000
0000
080a
0000
024d
0000
0c0a
0010
020d
0000
2c0a
0000
080a
0000
024d
0000
280a
0000
0010
020d
0000
2c0a
0000
024d
0000
280a
0000
0010
020d
0000
940a
0000
0000
024d
0000
900a
021d
0000
2c0a
024d
0000
280a
0000
0010
020d
0000
0000
0000
0000
0010
940a
0000
024d
0000
900a
0010
020d
0000
0000
0000
0000
0010
940a
0000
0000
024d
0000
900a
021d
0000
940a
024d
0000
900a
0000
0010
020d
0000
2c0a
0000
0000
024d
0000
280a
021d
0000
2c0a
024d
0000
280a
0000
0010
020d
0000
0000
0000
024d
0000
0000
0c0a
021d
0000
080a
0000
024d
0000
0000
0c0a
0010
020d
0000
940a
0000
080a
0000
024d
0000
900a
0010
020d
0000
2c0a
0000
0000
024d
0000
280a
0000
0010
020d
0000
940a
024d
0000
900a
021d
0000
2c0a
0000
0000
024d
0000
280a
0000
0010
020d
0000
0000
2c1a
0000
024d
0000
280a
0000
0010
020d
0000
2c0a
0000
0000
280a
0000
0010
0000
0020
024d
0000
0010
020d
0000
0000
0000
024d
0000
0000
0c0a
0010
020d
0000
0000
080a
024d
0000
0000
0c0a
0010
020d
0000
2c0a
0000
080a
0000
024d
0000
280a
0000
021d
0000
0000
0000
0010
2c0a
0000
0000
024d
0000
280a
0000
0010
020d
0000
2c0a
024d
0000
280a
021d
0000
2c0a
0000
0000
024d
0000
280a
0000
0010
020d
0000
2c0a
024d
0000
280a
021d
0000
940a
0000
0000
900a
0000
0010
0000
0000
0000
0010
0000
0500
024d
0000
0010
020d
0000
0000
0000
0000
0010
940a
0000
0000
024d
0000
900a
021d
0000
024d
0000
0000
0c0a
0010
020d
0000
940a
0000
080a
0000
024d
0000
900a
021d
0000
940a
024d
0000
900a
0000
0010
020d
0000
0000
0000
0000
0010
940a
0000
024d
0000
900a
0010
020d
0000
2c0a
0000
0000
024d
0000
280a
0000
0010
020d
0000
940a
0000
024d
0000
900a
0000
0010
020d
0000
940a
0000
0000
024d
0000
900a
0000
021d
0000
940a
024d
0000
900a
021d
0000
0000
0000
0000
0010
0000
0000
0000
0010
2c1a
0000
024d
0000
280a
0000
0010
020d
0000
0000
0000
0000
8c0a
0010
0000
880a
024d
0000
0010
020d
0000
940a
0000
0000
024d
0000
900a
0000
0010
020d
0000
940a
024d
0000
900a
021d
0000
2c0a
0000
0000
024d
0000
280a
0000
0010
020d
0000
940a
024d
0000
900a
021d
0000
940a
0000
0000
024d
0000
900a
0000
0010
020d
0000
940a
024d
0000
900a
021d
0000
0000
0000
0000
0c0a
0010
0000
080a
0000
024d
0000
0000
021d
0000
940a
0000
024d
0000
900a
0000
0010
020d
0000
0000
0000
0000
0010
940a
024d
0000
900a
021d
0000
2c0a
0000
0000
024d
0000
280a
0000
0010
020d
0000
2c0a
024d
0000
280a
021d
0000
2c0a
0000
0000
024d
0000
280a
0000
0010
020d
0000
0000
941a
0000
900a
0000
0010
0000
0000
0000
0010
0000
0000
014d
0000
0000
0010
010d
0000
0000
0000
0010
0000
0000
024d
0000
0000
740a
0010
020d
0000
0000
700a
0000
024d
0000
0010
020d
0000
2c0a
0000
0000
024d
0000
280a
0000
0010
020d
0000
2c0a
024d
0000
280a
021d
0000
0000
0000
0000
0010
940a
0000
0000
024d
0000
900a
0000
021d
0000
2c0a
0000
024d
0000
280a
0000
0010
020d
0000
2c0a
0000
0000
280a
0000
04c0
024d
0000
740a
0010
010d
0000
0000
0000
024d
0000
0000
740a
0010
020d
0000
700a
024d
0000
0000
0010
020d
0000
940a
0000
700a
0000
0000
0010
020d
0000
0000
900a
0010
0000
0000
0000
0010
0000
0000
0000
0010
0000
0000
0000
0010
0000
0000
0b80
034d
0000
0010
0000
0000
024d
0000
0000
0010
2c0a
0000
0000
024d
0000
0000
2c1a
0000
0000
0010
0000
0000
034d
0000
0000
0010
0000
0000
024d
0000
0000
0010
2c0a
0000
0000
0010
0000
0000
0000
0010
030d
0000
0000
0000
024d
0000
0000
240a
021d
0000
0000
014d
0000
280a
0000
0010
020d
0000
0000
0000
280a
0000
0010
0000
024d
0000
740a
0010
030d
0000
0000
0000
024d
0000
0000
740a
0010
020d
0000
0000
280a
0010
0000
0000
0000
0010
0000
0000
0000
0010
020d
0000
0000
200a
0000
0000
011d
0000
0000
0000
0010
0000
0000
0000
0010
020d
0000
0000
700a
0000
0000
0010
020d
0000
700a
0000
0000
0010
0000
0000
0000
0010
0000
0000
0000
0010
0000
0000
0670
034d
0000
0010
0000
0000
024d
0000
0000
0010
2c0a
0000
0000
024d
0000
0000
941a
0000
024d
0000
0000
0010
2c0a
0000
0000
0000
0010
0000
0000
0000
0010
0000
024d
0000
240a
0010
0000
0000
024d
0000
0000
0010
0000
0000
024d
0000
0000
0c0a
0c1a
0010
0000
024d
0000
0000
6c0a
0010
0000
0000
024d
0000
0000
640a
0010
0000
031d
0000
0000
0000
0010
020d
0000
0000
0000
280a
0000
0010
020d
0000
0000
0000
900a
0010
020d
0000
0000
0000
280a
0000
0010
0000
0000
0000
0010
0000
0000
0000
021d
0000
200a
0000
0000
0010
020d
0000
0000
0000
0000
0010
020d
0000
0000
080a
081a
0000
0010
020d
0000
0000
680a
0000
0000
0010
020d
0000
0000
600a
0000
0000
05c0
024d
0000
0010
020d
0000
0000
0000
024d
0000
0000
0c0a
0010
020d
0000
0000
080a
0000
0c0a
0010
0000
080a
0000
024d
0000
0000
640a
0010
020d
0000
0000
600a
0020
0046
0010
0000
0000
0010
0000
4146
0000
0000
c0c6
0010
020d
0000
0000
0000
024d
0000
0010
0000
080a
c206
0000
0000
0c0a
0010
020d
0000
0000
680a
0000
024d
0000
6c0a
0010
0000
0000
0000
0010
0000
0000
0000
0010
0000
0000
0000
0010
0000
42c6
021d
0000
0000
024d
0000
0000
4346
0010
0000
080a
0000
0000
0c0a
0010
020d
0000
600a
0000
024d
0000
0000
640a
0010
0000
0000
0000
0010
0000
0000
0000
0010
c016
021d
0000
0000
780a
4086
0000
024d
0000
0000
7c0a
0206
0010
0000
4286
0000
8286
0010
0246
0000
0000
8246
0010
0000
81c6
0000
0000
41c6
0010
0000
c186
0000
0186
0010
8146
0000
0000
c386
0010
0000
4386
0000
0000
8346
0010
0000
c106
0000
0106
0010
8086
0000
0000
8046
0010
0000
0006
0000
0000
0010
0000
0000
0000
0010
c316
0010
0306
0000
0000
c2c6
0010
0000
0000
0000
0010
0000
0000
0000
0010
0000
0370
6000
0000
0000
0010
0000
0000
0000
0010
0000
0000
0000
0010
0000
0000
0000
